This is pdfTeX, Version 3.14159265-2.6-1.40.19 (TeX Live 2018) (preloaded format=pdflatex 2018.4.16)  4 JAN 2021 21:50
entering extended mode
 restricted \write18 enabled.
 %&-line parsing enabled.
**02.1-Main-FB-Script---India.tex
(./02.1-Main-FB-Script---India.tex
LaTeX2e <2018-04-01> patch level 2
Babel <3.18> and hyphenation patterns for 84 language(s) loaded.
(/usr/local/texlive/2018/texmf-dist/tex/latex/base/article.cls
Document Class: article 2014/09/29 v1.4h Standard LaTeX document class
(/usr/local/texlive/2018/texmf-dist/tex/latex/base/size10.clo
File: size10.clo 2014/09/29 v1.4h Standard LaTeX file (size option)
)
\c@part=\count80
\c@section=\count81
\c@subsection=\count82
\c@subsubsection=\count83
\c@paragraph=\count84
\c@subparagraph=\count85
\c@figure=\count86
\c@table=\count87
\abovecaptionskip=\skip41
\belowcaptionskip=\skip42
\bibindent=\dimen102
) (/usr/local/texlive/2018/texmf-dist/tex/latex/lm/lmodern.sty
Package: lmodern 2009/10/30 v1.6 Latin Modern Fonts
LaTeX Font Info:    Overwriting symbol font `operators' in version `normal'
(Font)                  OT1/cmr/m/n --> OT1/lmr/m/n on input line 22.
LaTeX Font Info:    Overwriting symbol font `letters' in version `normal'
(Font)                  OML/cmm/m/it --> OML/lmm/m/it on input line 23.
LaTeX Font Info:    Overwriting symbol font `symbols' in version `normal'
(Font)                  OMS/cmsy/m/n --> OMS/lmsy/m/n on input line 24.
LaTeX Font Info:    Overwriting symbol font `largesymbols' in version `normal'
(Font)                  OMX/cmex/m/n --> OMX/lmex/m/n on input line 25.
LaTeX Font Info:    Overwriting symbol font `operators' in version `bold'
(Font)                  OT1/cmr/bx/n --> OT1/lmr/bx/n on input line 26.
LaTeX Font Info:    Overwriting symbol font `letters' in version `bold'
(Font)                  OML/cmm/b/it --> OML/lmm/b/it on input line 27.
LaTeX Font Info:    Overwriting symbol font `symbols' in version `bold'
(Font)                  OMS/cmsy/b/n --> OMS/lmsy/b/n on input line 28.
LaTeX Font Info:    Overwriting symbol font `largesymbols' in version `bold'
(Font)                  OMX/cmex/m/n --> OMX/lmex/m/n on input line 29.
LaTeX Font Info:    Overwriting math alphabet `\mathbf' in version `normal'
(Font)                  OT1/cmr/bx/n --> OT1/lmr/bx/n on input line 31.
LaTeX Font Info:    Overwriting math alphabet `\mathsf' in version `normal'
(Font)                  OT1/cmss/m/n --> OT1/lmss/m/n on input line 32.
LaTeX Font Info:    Overwriting math alphabet `\mathit' in version `normal'
(Font)                  OT1/cmr/m/it --> OT1/lmr/m/it on input line 33.
LaTeX Font Info:    Overwriting math alphabet `\mathtt' in version `normal'
(Font)                  OT1/cmtt/m/n --> OT1/lmtt/m/n on input line 34.
LaTeX Font Info:    Overwriting math alphabet `\mathbf' in version `bold'
(Font)                  OT1/cmr/bx/n --> OT1/lmr/bx/n on input line 35.
LaTeX Font Info:    Overwriting math alphabet `\mathsf' in version `bold'
(Font)                  OT1/cmss/bx/n --> OT1/lmss/bx/n on input line 36.
LaTeX Font Info:    Overwriting math alphabet `\mathit' in version `bold'
(Font)                  OT1/cmr/bx/it --> OT1/lmr/bx/it on input line 37.
LaTeX Font Info:    Overwriting math alphabet `\mathtt' in version `bold'
(Font)                  OT1/cmtt/m/n --> OT1/lmtt/m/n on input line 38.
) (/usr/local/texlive/2018/texmf-dist/tex/latex/amsfonts/amssymb.sty
Package: amssymb 2013/01/14 v3.01 AMS font symbols
(/usr/local/texlive/2018/texmf-dist/tex/latex/amsfonts/amsfonts.sty
Package: amsfonts 2013/01/14 v3.01 Basic AMSFonts support
\@emptytoks=\toks14
\symAMSa=\mathgroup4
\symAMSb=\mathgroup5
LaTeX Font Info:    Overwriting math alphabet `\mathfrak' in version `bold'
(Font)                  U/euf/m/n --> U/euf/b/n on input line 106.
)) (/usr/local/texlive/2018/texmf-dist/tex/latex/amsmath/amsmath.sty
Package: amsmath 2017/09/02 v2.17a AMS math features
\@mathmargin=\skip43
For additional information on amsmath, use the `?' option.
(/usr/local/texlive/2018/texmf-dist/tex/latex/amsmath/amstext.sty
Package: amstext 2000/06/29 v2.01 AMS text
(/usr/local/texlive/2018/texmf-dist/tex/latex/amsmath/amsgen.sty
File: amsgen.sty 1999/11/30 v2.0 generic functions
\@emptytoks=\toks15
\ex@=\dimen103
)) (/usr/local/texlive/2018/texmf-dist/tex/latex/amsmath/amsbsy.sty
Package: amsbsy 1999/11/29 v1.2d Bold Symbols
\pmbraise@=\dimen104
) (/usr/local/texlive/2018/texmf-dist/tex/latex/amsmath/amsopn.sty
Package: amsopn 2016/03/08 v2.02 operator names
)
\inf@bad=\count88
LaTeX Info: Redefining \frac on input line 213.
\uproot@=\count89
\leftroot@=\count90
LaTeX Info: Redefining \overline on input line 375.
\classnum@=\count91
\DOTSCASE@=\count92
LaTeX Info: Redefining \ldots on input line 472.
LaTeX Info: Redefining \dots on input line 475.
LaTeX Info: Redefining \cdots on input line 596.
\Mathstrutbox@=\box26
\strutbox@=\box27
\big@size=\dimen105
LaTeX Font Info:    Redeclaring font encoding OML on input line 712.
LaTeX Font Info:    Redeclaring font encoding OMS on input line 713.
\macc@depth=\count93
\c@MaxMatrixCols=\count94
\dotsspace@=\muskip10
\c@parentequation=\count95
\dspbrk@lvl=\count96
\tag@help=\toks16
\row@=\count97
\column@=\count98
\maxfields@=\count99
\andhelp@=\toks17
\eqnshift@=\dimen106
\alignsep@=\dimen107
\tagshift@=\dimen108
\tagwidth@=\dimen109
\totwidth@=\dimen110
\lineht@=\dimen111
\@envbody=\toks18
\multlinegap=\skip44
\multlinetaggap=\skip45
\mathdisplay@stack=\toks19
LaTeX Info: Redefining \[ on input line 2817.
LaTeX Info: Redefining \] on input line 2818.
) (/usr/local/texlive/2018/texmf-dist/tex/generic/ifxetex/ifxetex.sty
Package: ifxetex 2010/09/12 v0.6 Provides ifxetex conditional
) (/usr/local/texlive/2018/texmf-dist/tex/generic/oberdiek/ifluatex.sty
Package: ifluatex 2016/05/16 v1.4 Provides the ifluatex switch (HO)
Package ifluatex Info: LuaTeX not detected.
) (/usr/local/texlive/2018/texmf-dist/tex/latex/base/fixltx2e.sty
Package: fixltx2e 2016/12/29 v2.1a fixes to LaTeX (obsolete)
Applying: [2015/01/01] Old fixltx2e package on input line 46.

Package fixltx2e Warning: fixltx2e is not required with releases after 2015
(fixltx2e)                All fixes are now in the LaTeX kernel.
(fixltx2e)                See the latexrelease package for details.

Already applied: [0000/00/00] Old fixltx2e package on input line 53.
) (/usr/local/texlive/2018/texmf-dist/tex/latex/base/fontenc.sty
Package: fontenc 2017/04/05 v2.0i Standard LaTeX package
(/usr/local/texlive/2018/texmf-dist/tex/latex/base/t1enc.def
File: t1enc.def 2017/04/05 v2.0i Standard LaTeX file
LaTeX Font Info:    Redeclaring font encoding T1 on input line 48.
)) (/usr/local/texlive/2018/texmf-dist/tex/latex/base/inputenc.sty
Package: inputenc 2018/04/06 v1.3b Input encoding file
\inpenc@prehook=\toks20
\inpenc@posthook=\toks21
) (/usr/local/texlive/2018/texmf-dist/tex/latex/upquote/upquote.sty
Package: upquote 2012/04/19 v1.3 upright-quote and grave-accent glyphs in verba
tim
(/usr/local/texlive/2018/texmf-dist/tex/latex/base/textcomp.sty
Package: textcomp 2017/04/05 v2.0i Standard LaTeX package
Package textcomp Info: Sub-encoding information:
(textcomp)               5 = only ISO-Adobe without \textcurrency
(textcomp)               4 = 5 + \texteuro
(textcomp)               3 = 4 + \textohm
(textcomp)               2 = 3 + \textestimated + \textcurrency
(textcomp)               1 = TS1 - \textcircled - \t
(textcomp)               0 = TS1 (full)
(textcomp)             Font families with sub-encoding setting implement
(textcomp)             only a restricted character set as indicated.
(textcomp)             Family '?' is the default used for unknown fonts.
(textcomp)             See the documentation for details.
Package textcomp Info: Setting ? sub-encoding to TS1/1 on input line 79.
(/usr/local/texlive/2018/texmf-dist/tex/latex/base/ts1enc.def
File: ts1enc.def 2001/06/05 v3.0e (jk/car/fm) Standard LaTeX file
Now handling font encoding TS1 ...
... processing UTF-8 mapping file for font encoding TS1
(/usr/local/texlive/2018/texmf-dist/tex/latex/base/ts1enc.dfu
File: ts1enc.dfu 2018/04/05 v1.2c UTF-8 support for inputenc
   defining Unicode char U+00A2 (decimal 162)
   defining Unicode char U+00A3 (decimal 163)
   defining Unicode char U+00A4 (decimal 164)
   defining Unicode char U+00A5 (decimal 165)
   defining Unicode char U+00A6 (decimal 166)
   defining Unicode char U+00A7 (decimal 167)
   defining Unicode char U+00A8 (decimal 168)
   defining Unicode char U+00A9 (decimal 169)
   defining Unicode char U+00AA (decimal 170)
   defining Unicode char U+00AC (decimal 172)
   defining Unicode char U+00AE (decimal 174)
   defining Unicode char U+00AF (decimal 175)
   defining Unicode char U+00B0 (decimal 176)
   defining Unicode char U+00B1 (decimal 177)
   defining Unicode char U+00B2 (decimal 178)
   defining Unicode char U+00B3 (decimal 179)
   defining Unicode char U+00B4 (decimal 180)
   defining Unicode char U+00B5 (decimal 181)
   defining Unicode char U+00B6 (decimal 182)
   defining Unicode char U+00B7 (decimal 183)
   defining Unicode char U+00B9 (decimal 185)
   defining Unicode char U+00BA (decimal 186)
   defining Unicode char U+00BC (decimal 188)
   defining Unicode char U+00BD (decimal 189)
   defining Unicode char U+00BE (decimal 190)
   defining Unicode char U+00D7 (decimal 215)
   defining Unicode char U+00F7 (decimal 247)
   defining Unicode char U+0192 (decimal 402)
   defining Unicode char U+02C7 (decimal 711)
   defining Unicode char U+02D8 (decimal 728)
   defining Unicode char U+02DD (decimal 733)
   defining Unicode char U+0E3F (decimal 3647)
   defining Unicode char U+2016 (decimal 8214)
   defining Unicode char U+2020 (decimal 8224)
   defining Unicode char U+2021 (decimal 8225)
   defining Unicode char U+2022 (decimal 8226)
   defining Unicode char U+2030 (decimal 8240)
   defining Unicode char U+2031 (decimal 8241)
   defining Unicode char U+203B (decimal 8251)
   defining Unicode char U+203D (decimal 8253)
   defining Unicode char U+2044 (decimal 8260)
   defining Unicode char U+204E (decimal 8270)
   defining Unicode char U+2052 (decimal 8274)
   defining Unicode char U+20A1 (decimal 8353)
   defining Unicode char U+20A4 (decimal 8356)
   defining Unicode char U+20A6 (decimal 8358)
   defining Unicode char U+20A9 (decimal 8361)
   defining Unicode char U+20AB (decimal 8363)
   defining Unicode char U+20AC (decimal 8364)
   defining Unicode char U+20B1 (decimal 8369)
   defining Unicode char U+2103 (decimal 8451)
   defining Unicode char U+2116 (decimal 8470)
   defining Unicode char U+2117 (decimal 8471)
   defining Unicode char U+211E (decimal 8478)
   defining Unicode char U+2120 (decimal 8480)
   defining Unicode char U+2122 (decimal 8482)
   defining Unicode char U+2126 (decimal 8486)
   defining Unicode char U+2127 (decimal 8487)
   defining Unicode char U+212E (decimal 8494)
   defining Unicode char U+2190 (decimal 8592)
   defining Unicode char U+2191 (decimal 8593)
   defining Unicode char U+2192 (decimal 8594)
   defining Unicode char U+2193 (decimal 8595)
   defining Unicode char U+2329 (decimal 9001)
   defining Unicode char U+232A (decimal 9002)
   defining Unicode char U+2422 (decimal 9250)
   defining Unicode char U+25E6 (decimal 9702)
   defining Unicode char U+25EF (decimal 9711)
   defining Unicode char U+266A (decimal 9834)
   defining Unicode char U+FEFF (decimal 65279)
))
LaTeX Info: Redefining \oldstylenums on input line 334.
Package textcomp Info: Setting cmr sub-encoding to TS1/0 on input line 349.
Package textcomp Info: Setting cmss sub-encoding to TS1/0 on input line 350.
Package textcomp Info: Setting cmtt sub-encoding to TS1/0 on input line 351.
Package textcomp Info: Setting cmvtt sub-encoding to TS1/0 on input line 352.
Package textcomp Info: Setting cmbr sub-encoding to TS1/0 on input line 353.
Package textcomp Info: Setting cmtl sub-encoding to TS1/0 on input line 354.
Package textcomp Info: Setting ccr sub-encoding to TS1/0 on input line 355.
Package textcomp Info: Setting ptm sub-encoding to TS1/4 on input line 356.
Package textcomp Info: Setting pcr sub-encoding to TS1/4 on input line 357.
Package textcomp Info: Setting phv sub-encoding to TS1/4 on input line 358.
Package textcomp Info: Setting ppl sub-encoding to TS1/3 on input line 359.
Package textcomp Info: Setting pag sub-encoding to TS1/4 on input line 360.
Package textcomp Info: Setting pbk sub-encoding to TS1/4 on input line 361.
Package textcomp Info: Setting pnc sub-encoding to TS1/4 on input line 362.
Package textcomp Info: Setting pzc sub-encoding to TS1/4 on input line 363.
Package textcomp Info: Setting bch sub-encoding to TS1/4 on input line 364.
Package textcomp Info: Setting put sub-encoding to TS1/5 on input line 365.
Package textcomp Info: Setting uag sub-encoding to TS1/5 on input line 366.
Package textcomp Info: Setting ugq sub-encoding to TS1/5 on input line 367.
Package textcomp Info: Setting ul8 sub-encoding to TS1/4 on input line 368.
Package textcomp Info: Setting ul9 sub-encoding to TS1/4 on input line 369.
Package textcomp Info: Setting augie sub-encoding to TS1/5 on input line 370.
Package textcomp Info: Setting dayrom sub-encoding to TS1/3 on input line 371.
Package textcomp Info: Setting dayroms sub-encoding to TS1/3 on input line 372.

Package textcomp Info: Setting pxr sub-encoding to TS1/0 on input line 373.
Package textcomp Info: Setting pxss sub-encoding to TS1/0 on input line 374.
Package textcomp Info: Setting pxtt sub-encoding to TS1/0 on input line 375.
Package textcomp Info: Setting txr sub-encoding to TS1/0 on input line 376.
Package textcomp Info: Setting txss sub-encoding to TS1/0 on input line 377.
Package textcomp Info: Setting txtt sub-encoding to TS1/0 on input line 378.
Package textcomp Info: Setting lmr sub-encoding to TS1/0 on input line 379.
Package textcomp Info: Setting lmdh sub-encoding to TS1/0 on input line 380.
Package textcomp Info: Setting lmss sub-encoding to TS1/0 on input line 381.
Package textcomp Info: Setting lmssq sub-encoding to TS1/0 on input line 382.
Package textcomp Info: Setting lmvtt sub-encoding to TS1/0 on input line 383.
Package textcomp Info: Setting lmtt sub-encoding to TS1/0 on input line 384.
Package textcomp Info: Setting qhv sub-encoding to TS1/0 on input line 385.
Package textcomp Info: Setting qag sub-encoding to TS1/0 on input line 386.
Package textcomp Info: Setting qbk sub-encoding to TS1/0 on input line 387.
Package textcomp Info: Setting qcr sub-encoding to TS1/0 on input line 388.
Package textcomp Info: Setting qcs sub-encoding to TS1/0 on input line 389.
Package textcomp Info: Setting qpl sub-encoding to TS1/0 on input line 390.
Package textcomp Info: Setting qtm sub-encoding to TS1/0 on input line 391.
Package textcomp Info: Setting qzc sub-encoding to TS1/0 on input line 392.
Package textcomp Info: Setting qhvc sub-encoding to TS1/0 on input line 393.
Package textcomp Info: Setting futs sub-encoding to TS1/4 on input line 394.
Package textcomp Info: Setting futx sub-encoding to TS1/4 on input line 395.
Package textcomp Info: Setting futj sub-encoding to TS1/4 on input line 396.
Package textcomp Info: Setting hlh sub-encoding to TS1/3 on input line 397.
Package textcomp Info: Setting hls sub-encoding to TS1/3 on input line 398.
Package textcomp Info: Setting hlst sub-encoding to TS1/3 on input line 399.
Package textcomp Info: Setting hlct sub-encoding to TS1/5 on input line 400.
Package textcomp Info: Setting hlx sub-encoding to TS1/5 on input line 401.
Package textcomp Info: Setting hlce sub-encoding to TS1/5 on input line 402.
Package textcomp Info: Setting hlcn sub-encoding to TS1/5 on input line 403.
Package textcomp Info: Setting hlcw sub-encoding to TS1/5 on input line 404.
Package textcomp Info: Setting hlcf sub-encoding to TS1/5 on input line 405.
Package textcomp Info: Setting pplx sub-encoding to TS1/3 on input line 406.
Package textcomp Info: Setting pplj sub-encoding to TS1/3 on input line 407.
Package textcomp Info: Setting ptmx sub-encoding to TS1/4 on input line 408.
Package textcomp Info: Setting ptmj sub-encoding to TS1/4 on input line 409.
)) (/usr/local/texlive/2018/texmf-dist/tex/latex/microtype/microtype.sty
Package: microtype 2018/01/14 v2.7a Micro-typographical refinements (RS)
(/usr/local/texlive/2018/texmf-dist/tex/latex/graphics/keyval.sty
Package: keyval 2014/10/28 v1.15 key=value parser (DPC)
\KV@toks@=\toks22
)
\MT@toks=\toks23
\MT@count=\count100
LaTeX Info: Redefining \textls on input line 793.
\MT@outer@kern=\dimen112
LaTeX Info: Redefining \textmicrotypecontext on input line 1339.
\MT@listname@count=\count101
(/usr/local/texlive/2018/texmf-dist/tex/latex/microtype/microtype-pdftex.def
File: microtype-pdftex.def 2018/01/14 v2.7a Definitions specific to pdftex (RS)

LaTeX Info: Redefining \lsstyle on input line 913.
LaTeX Info: Redefining \lslig on input line 913.
\MT@outer@space=\skip46
)
Package microtype Info: Loading configuration file microtype.cfg.
(/usr/local/texlive/2018/texmf-dist/tex/latex/microtype/microtype.cfg
File: microtype.cfg 2018/01/14 v2.7a microtype main configuration file (RS)
)) (/usr/local/texlive/2018/texmf-dist/tex/latex/hyperref/hyperref.sty
Package: hyperref 2018/02/06 v6.86b Hypertext links for LaTeX
(/usr/local/texlive/2018/texmf-dist/tex/generic/oberdiek/hobsub-hyperref.sty
Package: hobsub-hyperref 2016/05/16 v1.14 Bundle oberdiek, subset hyperref (HO)

(/usr/local/texlive/2018/texmf-dist/tex/generic/oberdiek/hobsub-generic.sty
Package: hobsub-generic 2016/05/16 v1.14 Bundle oberdiek, subset generic (HO)
Package: hobsub 2016/05/16 v1.14 Construct package bundles (HO)
Package: infwarerr 2016/05/16 v1.4 Providing info/warning/error messages (HO)
Package: ltxcmds 2016/05/16 v1.23 LaTeX kernel commands for general use (HO)
Package hobsub Info: Skipping package `ifluatex' (already loaded).
Package: ifvtex 2016/05/16 v1.6 Detect VTeX and its facilities (HO)
Package ifvtex Info: VTeX not detected.
Package: intcalc 2016/05/16 v1.2 Expandable calculations with integers (HO)
Package: ifpdf 2017/03/15 v3.2 Provides the ifpdf switch
Package: etexcmds 2016/05/16 v1.6 Avoid name clashes with e-TeX commands (HO)
Package etexcmds Info: Could not find \expanded.
(etexcmds)             That can mean that you are not using pdfTeX 1.50 or
(etexcmds)             that some package has redefined \expanded.
(etexcmds)             In the latter case, load this package earlier.
Package: kvsetkeys 2016/05/16 v1.17 Key value parser (HO)
Package: kvdefinekeys 2016/05/16 v1.4 Define keys (HO)
Package: pdftexcmds 2018/01/30 v0.27 Utility functions of pdfTeX for LuaTeX (HO
)
Package pdftexcmds Info: LuaTeX not detected.
Package pdftexcmds Info: \pdf@primitive is available.
Package pdftexcmds Info: \pdf@ifprimitive is available.
Package pdftexcmds Info: \pdfdraftmode found.
Package: pdfescape 2016/05/16 v1.14 Implements pdfTeX's escape features (HO)
Package: bigintcalc 2016/05/16 v1.4 Expandable calculations on big integers (HO
)
Package: bitset 2016/05/16 v1.2 Handle bit-vector datatype (HO)
Package: uniquecounter 2016/05/16 v1.3 Provide unlimited unique counter (HO)
)
Package hobsub Info: Skipping package `hobsub' (already loaded).
Package: letltxmacro 2016/05/16 v1.5 Let assignment for LaTeX macros (HO)
Package: hopatch 2016/05/16 v1.3 Wrapper for package hooks (HO)
Package: xcolor-patch 2016/05/16 xcolor patch
Package: atveryend 2016/05/16 v1.9 Hooks at the very end of document (HO)
Package atveryend Info: \enddocument detected (standard20110627).
Package: atbegshi 2016/06/09 v1.18 At begin shipout hook (HO)
Package: refcount 2016/05/16 v3.5 Data extraction from label references (HO)
Package: hycolor 2016/05/16 v1.8 Color options for hyperref/bookmark (HO)
) (/usr/local/texlive/2018/texmf-dist/tex/latex/oberdiek/auxhook.sty
Package: auxhook 2016/05/16 v1.4 Hooks for auxiliary files (HO)
) (/usr/local/texlive/2018/texmf-dist/tex/latex/oberdiek/kvoptions.sty
Package: kvoptions 2016/05/16 v3.12 Key value format for package options (HO)
)
\@linkdim=\dimen113
\Hy@linkcounter=\count102
\Hy@pagecounter=\count103
(/usr/local/texlive/2018/texmf-dist/tex/latex/hyperref/pd1enc.def
File: pd1enc.def 2018/02/06 v6.86b Hyperref: PDFDocEncoding definition (HO)
Now handling font encoding PD1 ...
... no UTF-8 mapping file for font encoding PD1
)
\Hy@SavedSpaceFactor=\count104
(/usr/local/texlive/2018/texmf-dist/tex/latex/latexconfig/hyperref.cfg
File: hyperref.cfg 2002/06/06 v1.2 hyperref configuration of TeXLive
)
Package hyperref Info: Option `unicode' set `true' on input line 4383.
(/usr/local/texlive/2018/texmf-dist/tex/latex/hyperref/puenc.def
File: puenc.def 2018/02/06 v6.86b Hyperref: PDF Unicode definition (HO)
Now handling font encoding PU ...
... no UTF-8 mapping file for font encoding PU
)
Package hyperref Info: Hyper figures OFF on input line 4509.
Package hyperref Info: Link nesting OFF on input line 4514.
Package hyperref Info: Hyper index ON on input line 4517.
Package hyperref Info: Plain pages OFF on input line 4524.
Package hyperref Info: Backreferencing OFF on input line 4529.
Package hyperref Info: Implicit mode ON; LaTeX internals redefined.
Package hyperref Info: Bookmarks ON on input line 4762.
\c@Hy@tempcnt=\count105
(/usr/local/texlive/2018/texmf-dist/tex/latex/url/url.sty
\Urlmuskip=\muskip11
Package: url 2013/09/16  ver 3.4  Verb mode for urls, etc.
)
LaTeX Info: Redefining \url on input line 5115.
\XeTeXLinkMargin=\dimen114
\Fld@menulength=\count106
\Field@Width=\dimen115
\Fld@charsize=\dimen116
Package hyperref Info: Hyper figures OFF on input line 6369.
Package hyperref Info: Link nesting OFF on input line 6374.
Package hyperref Info: Hyper index ON on input line 6377.
Package hyperref Info: backreferencing OFF on input line 6384.
Package hyperref Info: Link coloring OFF on input line 6389.
Package hyperref Info: Link coloring with OCG OFF on input line 6394.
Package hyperref Info: PDF/A mode OFF on input line 6399.
LaTeX Info: Redefining \ref on input line 6439.
LaTeX Info: Redefining \pageref on input line 6443.
\Hy@abspage=\count107
\c@Item=\count108
\c@Hfootnote=\count109
)
Package hyperref Info: Driver (autodetected): hpdftex.
(/usr/local/texlive/2018/texmf-dist/tex/latex/hyperref/hpdftex.def
File: hpdftex.def 2018/02/06 v6.86b Hyperref driver for pdfTeX
\Fld@listcount=\count110
\c@bookmark@seq@number=\count111
(/usr/local/texlive/2018/texmf-dist/tex/latex/oberdiek/rerunfilecheck.sty
Package: rerunfilecheck 2016/05/16 v1.8 Rerun checks for auxiliary files (HO)
Package uniquecounter Info: New unique counter `rerunfilecheck' on input line 2
82.
)
\Hy@SectionHShift=\skip47
)
Package hyperref Info: Option `breaklinks' set `true' on input line 30.
(/usr/local/texlive/2018/texmf-dist/tex/latex/geometry/geometry.sty
Package: geometry 2018/03/24 v5.7 Page Geometry
\Gm@cnth=\count112
\Gm@cntv=\count113
\c@Gm@tempcnt=\count114
\Gm@bindingoffset=\dimen117
\Gm@wd@mp=\dimen118
\Gm@odd@mp=\dimen119
\Gm@even@mp=\dimen120
\Gm@layoutwidth=\dimen121
\Gm@layoutheight=\dimen122
\Gm@layouthoffset=\dimen123
\Gm@layoutvoffset=\dimen124
\Gm@dimlist=\toks24
) (/usr/local/texlive/2018/texmf-dist/tex/latex/graphics/graphicx.sty
Package: graphicx 2017/06/01 v1.1a Enhanced LaTeX Graphics (DPC,SPQR)
(/usr/local/texlive/2018/texmf-dist/tex/latex/graphics/graphics.sty
Package: graphics 2017/06/25 v1.2c Standard LaTeX Graphics (DPC,SPQR)
(/usr/local/texlive/2018/texmf-dist/tex/latex/graphics/trig.sty
Package: trig 2016/01/03 v1.10 sin cos tan (DPC)
) (/usr/local/texlive/2018/texmf-dist/tex/latex/graphics-cfg/graphics.cfg
File: graphics.cfg 2016/06/04 v1.11 sample graphics configuration
)
Package graphics Info: Driver file: pdftex.def on input line 99.
(/usr/local/texlive/2018/texmf-dist/tex/latex/graphics-def/pdftex.def
File: pdftex.def 2018/01/08 v1.0l Graphics/color driver for pdftex
))
\Gin@req@height=\dimen125
\Gin@req@width=\dimen126
) (/usr/local/texlive/2018/texmf-dist/tex/latex/oberdiek/grffile.sty
Package: grffile 2017/06/30 v1.18 Extended file name support for graphics (HO)
Package grffile Info: Option `multidot' is set to `true'.
Package grffile Info: Option `extendedchars' is set to `false'.
Package grffile Info: Option `space' is set to `true'.
Package grffile Info: \Gin@ii of package `graphicx' fixed on input line 494.
) (/usr/local/texlive/2018/texmf-dist/tex/latex/parskip/parskip.sty
Package: parskip 2001/04/09 non-zero parskip adjustments
) (./02.1-Main-FB-Script---India.aux

LaTeX Warning: Label `' multiply defined.


LaTeX Warning: Label `' multiply defined.


LaTeX Warning: Label `' multiply defined.


LaTeX Warning: Label `' multiply defined.


LaTeX Warning: Label `' multiply defined.


LaTeX Warning: Label `' multiply defined.


LaTeX Warning: Label `' multiply defined.


LaTeX Warning: Label `' multiply defined.


LaTeX Warning: Label `' multiply defined.


LaTeX Warning: Label `' multiply defined.


LaTeX Warning: Label `' multiply defined.

)
\openout1 = `02.1-Main-FB-Script---India.aux'.

LaTeX Font Info:    Checking defaults for OML/cmm/m/it on input line 72.
LaTeX Font Info:    ... okay on input line 72.
LaTeX Font Info:    Checking defaults for T1/cmr/m/n on input line 72.
LaTeX Font Info:    ... okay on input line 72.
LaTeX Font Info:    Checking defaults for OT1/cmr/m/n on input line 72.
LaTeX Font Info:    ... okay on input line 72.
LaTeX Font Info:    Checking defaults for OMS/cmsy/m/n on input line 72.
LaTeX Font Info:    ... okay on input line 72.
LaTeX Font Info:    Checking defaults for OMX/cmex/m/n on input line 72.
LaTeX Font Info:    ... okay on input line 72.
LaTeX Font Info:    Checking defaults for U/cmr/m/n on input line 72.
LaTeX Font Info:    ... okay on input line 72.
LaTeX Font Info:    Checking defaults for TS1/cmr/m/n on input line 72.
LaTeX Font Info:    Try loading font information for TS1+cmr on input line 72.
(/usr/local/texlive/2018/texmf-dist/tex/latex/base/ts1cmr.fd
File: ts1cmr.fd 2014/09/29 v2.5h Standard LaTeX font definitions
)
LaTeX Font Info:    ... okay on input line 72.
LaTeX Font Info:    Checking defaults for PD1/pdf/m/n on input line 72.
LaTeX Font Info:    ... okay on input line 72.
LaTeX Font Info:    Checking defaults for PU/pdf/m/n on input line 72.
LaTeX Font Info:    ... okay on input line 72.
LaTeX Font Info:    Try loading font information for T1+lmr on input line 72.
(/usr/local/texlive/2018/texmf-dist/tex/latex/lm/t1lmr.fd
File: t1lmr.fd 2009/10/30 v1.6 Font defs for Latin Modern
)
LaTeX Info: Redefining \microtypecontext on input line 72.
Package microtype Info: Generating PDF output.
Package microtype Info: Character protrusion enabled (level 2).
Package microtype Info: Using protrusion set `basicmath'.
Package microtype Info: Automatic font expansion enabled (level 2),
(microtype)             stretch: 20, shrink: 20, step: 1, non-selected.
Package microtype Info: Using default expansion set `basictext'.
Package microtype Info: No adjustment of tracking.
Package microtype Info: No adjustment of interword spacing.
Package microtype Info: No adjustment of character kerning.
(/usr/local/texlive/2018/texmf-dist/tex/latex/microtype/mt-cmr.cfg
File: mt-cmr.cfg 2013/05/19 v2.2 microtype config. file: Computer Modern Roman 
(RS)
)
\AtBeginShipoutBox=\box28
Package hyperref Info: Link coloring OFF on input line 72.
(/usr/local/texlive/2018/texmf-dist/tex/latex/hyperref/nameref.sty
Package: nameref 2016/05/21 v2.44 Cross-referencing by name of section
(/usr/local/texlive/2018/texmf-dist/tex/generic/oberdiek/gettitlestring.sty
Package: gettitlestring 2016/05/16 v1.5 Cleanup title references (HO)
)
\c@section@level=\count115
)
LaTeX Info: Redefining \ref on input line 72.
LaTeX Info: Redefining \pageref on input line 72.
LaTeX Info: Redefining \nameref on input line 72.
(./02.1-Main-FB-Script---India.out) (./02.1-Main-FB-Script---India.out)
\@outlinefile=\write3
\openout3 = `02.1-Main-FB-Script---India.out'.

*geometry* driver: auto-detecting
*geometry* detected driver: pdftex
*geometry* verbose mode - [ preamble ] result:
* driver: pdftex
* paper: <default>
* layout: <same size as paper>
* layoutoffset:(h,v)=(0.0pt,0.0pt)
* modes: 
* h-part:(L,W,R)=(72.26999pt, 469.75502pt, 72.26999pt)
* v-part:(T,H,B)=(72.26999pt, 650.43001pt, 72.26999pt)
* \paperwidth=614.295pt
* \paperheight=794.96999pt
* \textwidth=469.75502pt
* \textheight=650.43001pt
* \oddsidemargin=0.0pt
* \evensidemargin=0.0pt
* \topmargin=-37.0pt
* \headheight=12.0pt
* \headsep=25.0pt
* \topskip=10.0pt
* \footskip=30.0pt
* \marginparwidth=65.0pt
* \marginparsep=11.0pt
* \columnsep=10.0pt
* \skip\footins=9.0pt plus 4.0pt minus 2.0pt
* \hoffset=0.0pt
* \voffset=0.0pt
* \mag=1000
* \@twocolumnfalse
* \@twosidefalse
* \@mparswitchfalse
* \@reversemarginfalse
* (1in=72.27pt=25.4mm, 1cm=28.453pt)

(/usr/local/texlive/2018/texmf-dist/tex/context/base/mkii/supp-pdf.mkii
[Loading MPS to PDF converter (version 2006.09.02).]
\scratchcounter=\count116
\scratchdimen=\dimen127
\scratchbox=\box29
\nofMPsegments=\count117
\nofMParguments=\count118
\everyMPshowfont=\toks25
\MPscratchCnt=\count119
\MPscratchDim=\dimen128
\MPnumerator=\count120
\makeMPintoPDFobject=\count121
\everyMPtoPDFconversion=\toks26
) (/usr/local/texlive/2018/texmf-dist/tex/latex/oberdiek/epstopdf-base.sty
Package: epstopdf-base 2016/05/15 v2.6 Base part for package epstopdf
(/usr/local/texlive/2018/texmf-dist/tex/latex/oberdiek/grfext.sty
Package: grfext 2016/05/16 v1.2 Manage graphics extensions (HO)
)
Package epstopdf-base Info: Redefining graphics rule for `.eps' on input line 4
38.
Package grfext Info: Graphics extension search list:
(grfext)             [.pdf,.png,.jpg,.mps,.jpeg,.jbig2,.jb2,.PDF,.PNG,.JPG,.JPE
G,.JBIG2,.JB2,.eps]
(grfext)             \AppendGraphicsExtensions on input line 456.
(/usr/local/texlive/2018/texmf-dist/tex/latex/latexconfig/epstopdf-sys.cfg
File: epstopdf-sys.cfg 2010/07/13 v1.3 Configuration of (r)epstopdf for TeX Liv
e
))
LaTeX Font Info:    Try loading font information for OT1+lmr on input line 74.
(/usr/local/texlive/2018/texmf-dist/tex/latex/lm/ot1lmr.fd
File: ot1lmr.fd 2009/10/30 v1.6 Font defs for Latin Modern
)
LaTeX Font Info:    Try loading font information for OML+lmm on input line 74.
(/usr/local/texlive/2018/texmf-dist/tex/latex/lm/omllmm.fd
File: omllmm.fd 2009/10/30 v1.6 Font defs for Latin Modern
)
LaTeX Font Info:    Try loading font information for OMS+lmsy on input line 74.

(/usr/local/texlive/2018/texmf-dist/tex/latex/lm/omslmsy.fd
File: omslmsy.fd 2009/10/30 v1.6 Font defs for Latin Modern
)
LaTeX Font Info:    Try loading font information for OMX+lmex on input line 74.

(/usr/local/texlive/2018/texmf-dist/tex/latex/lm/omxlmex.fd
File: omxlmex.fd 2009/10/30 v1.6 Font defs for Latin Modern
)
LaTeX Font Info:    External font `lmex10' loaded for size
(Font)              <12> on input line 74.
LaTeX Font Info:    External font `lmex10' loaded for size
(Font)              <8> on input line 74.
LaTeX Font Info:    External font `lmex10' loaded for size
(Font)              <6> on input line 74.
LaTeX Font Info:    Try loading font information for U+msa on input line 74.
(/usr/local/texlive/2018/texmf-dist/tex/latex/amsfonts/umsa.fd
File: umsa.fd 2013/01/14 v3.01 AMS symbols A
) (/usr/local/texlive/2018/texmf-dist/tex/latex/microtype/mt-msa.cfg
File: mt-msa.cfg 2006/02/04 v1.1 microtype config. file: AMS symbols (a) (RS)
)
LaTeX Font Info:    Try loading font information for U+msb on input line 74.
(/usr/local/texlive/2018/texmf-dist/tex/latex/amsfonts/umsb.fd
File: umsb.fd 2013/01/14 v3.01 AMS symbols B
) (/usr/local/texlive/2018/texmf-dist/tex/latex/microtype/mt-msb.cfg
File: mt-msb.cfg 2005/06/01 v1.0 microtype config. file: AMS symbols (b) (RS)
)
<02.1-Main-FB-Script---India_files/figure-latex/nf misranking pegged to chronol
ogy-1.pdf, id=24, 457.71pt x 316.18124pt>
File: 02.1-Main-FB-Script---India_files/figure-latex/nf misranking pegged to ch
ronology-1.pdf Graphic file (type pdf)
<use 02.1-Main-FB-Script---India_files/figure-latex/nf misranking pegged to chr
onology-1.pdf>
Package pdftex.def Info: 02.1-Main-FB-Script---India_files/figure-latex/nf misr
anking pegged to chronology-1.pdf  used on input line 102.
(pdftex.def)             Requested size: 457.72984pt x 316.19493pt.
<02.1-Main-FB-Script---India_files/figure-latex/nf misranking pegged to chronol
ogy-2.pdf, id=25, 457.71pt x 315.1775pt>
File: 02.1-Main-FB-Script---India_files/figure-latex/nf misranking pegged to ch
ronology-2.pdf Graphic file (type pdf)
<use 02.1-Main-FB-Script---India_files/figure-latex/nf misranking pegged to chr
onology-2.pdf>
Package pdftex.def Info: 02.1-Main-FB-Script---India_files/figure-latex/nf misr
anking pegged to chronology-2.pdf  used on input line 103.
(pdftex.def)             Requested size: 457.72984pt x 315.19115pt.
<02.1-Main-FB-Script---India_files/figure-latex/nf misranking pegged to chronol
ogy-3.pdf, id=26, 457.71pt x 315.1775pt>
File: 02.1-Main-FB-Script---India_files/figure-latex/nf misranking pegged to ch
ronology-3.pdf Graphic file (type pdf)
<use 02.1-Main-FB-Script---India_files/figure-latex/nf misranking pegged to chr
onology-3.pdf>
Package pdftex.def Info: 02.1-Main-FB-Script---India_files/figure-latex/nf misr
anking pegged to chronology-3.pdf  used on input line 104.
(pdftex.def)             Requested size: 457.72984pt x 315.19115pt.
<02.1-Main-FB-Script---India_files/figure-latex/nf misranking pegged to chronol
ogy-4.pdf, id=27, 457.71pt x 315.1775pt>
File: 02.1-Main-FB-Script---India_files/figure-latex/nf misranking pegged to ch
ronology-4.pdf Graphic file (type pdf)
<use 02.1-Main-FB-Script---India_files/figure-latex/nf misranking pegged to chr
onology-4.pdf>
Package pdftex.def Info: 02.1-Main-FB-Script---India_files/figure-latex/nf misr
anking pegged to chronology-4.pdf  used on input line 105.
(pdftex.def)             Requested size: 457.72984pt x 315.19115pt.

Underfull \hbox (badness 10000) in paragraph at lines 102--106
[]
 []


Underfull \hbox (badness 10000) in paragraph at lines 102--106
[]
 []


Underfull \hbox (badness 10000) in paragraph at lines 102--106
[]
 []

[1

{/usr/local/texlive/2018/texmf-var/fonts/map/pdftex/updmap/pdftex.map}]
Overfull \vbox (11.6587pt too high) has occurred while \output is active []

[2 <./02.1-Main-FB-Script---India_files/figure-latex/nf misranking pegged to ch
ronology-1.pdf> <./02.1-Main-FB-Script---India_files/figure-latex/nf misranking
 pegged to chronology-2.pdf>]
LaTeX Font Info:    External font `lmex10' loaded for size
(Font)              <10> on input line 114.
LaTeX Font Info:    External font `lmex10' loaded for size
(Font)              <7> on input line 114.
LaTeX Font Info:    External font `lmex10' loaded for size
(Font)              <5> on input line 114.
LaTeX Font Info:    Try loading font information for TS1+lmr on input line 125.

(/usr/local/texlive/2018/texmf-dist/tex/latex/lm/ts1lmr.fd
File: ts1lmr.fd 2009/10/30 v1.6 Font defs for Latin Modern
)
Overfull \hbox (142.59221pt too wide) in paragraph at lines 114--142
 [][] 
 []

[3 <./02.1-Main-FB-Script---India_files/figure-latex/nf misranking pegged to ch
ronology-3.pdf> <./02.1-Main-FB-Script---India_files/figure-latex/nf misranking
 pegged to chronology-4.pdf>]
Overfull \hbox (137.0366pt too wide) in paragraph at lines 151--179
 [][] 
 []


Overfull \hbox (137.0366pt too wide) in paragraph at lines 188--216
 [][] 
 []

[4]

Package hyperref Warning: Difference (2) between bookmark levels is greater 
(hyperref)                than one, level fixed on input line 218.

<02.1-Main-FB-Script---India_files/figure-latex/pymk misranking pegged to mutua
l friends-1.pdf, id=85, 457.71pt x 316.18124pt>
File: 02.1-Main-FB-Script---India_files/figure-latex/pymk misranking pegged to 
mutual friends-1.pdf Graphic file (type pdf)
<use 02.1-Main-FB-Script---India_files/figure-latex/pymk misranking pegged to m
utual friends-1.pdf>
Package pdftex.def Info: 02.1-Main-FB-Script---India_files/figure-latex/pymk mi
sranking pegged to mutual friends-1.pdf  used on input line 260.
(pdftex.def)             Requested size: 457.72984pt x 316.19493pt.
[5]
LaTeX Font Info:    Try loading font information for T1+lmtt on input line 262.

(/usr/local/texlive/2018/texmf-dist/tex/latex/lm/t1lmtt.fd
File: t1lmtt.fd 2009/10/30 v1.6 Font defs for Latin Modern
)
LaTeX Font Info:    Try loading font information for TS1+lmtt on input line 264
.
(/usr/local/texlive/2018/texmf-dist/tex/latex/lm/ts1lmtt.fd
File: ts1lmtt.fd 2009/10/30 v1.6 Font defs for Latin Modern
)
<02.1-Main-FB-Script---India_files/figure-latex/visulaize misranking nf-1.pdf, 
id=95, 453.695pt x 316.18124pt>
File: 02.1-Main-FB-Script---India_files/figure-latex/visulaize misranking nf-1.
pdf Graphic file (type pdf)
<use 02.1-Main-FB-Script---India_files/figure-latex/visulaize misranking nf-1.p
df>
Package pdftex.def Info: 02.1-Main-FB-Script---India_files/figure-latex/visulai
ze misranking nf-1.pdf  used on input line 266.
(pdftex.def)             Requested size: 453.6939pt x 316.18047pt.
<02.1-Main-FB-Script---India_files/figure-latex/visulaize misranking nf-2.pdf, 
id=96, 457.71pt x 310.15875pt>
File: 02.1-Main-FB-Script---India_files/figure-latex/visulaize misranking nf-2.
pdf Graphic file (type pdf)
<use 02.1-Main-FB-Script---India_files/figure-latex/visulaize misranking nf-2.p
df>
Package pdftex.def Info: 02.1-Main-FB-Script---India_files/figure-latex/visulai
ze misranking nf-2.pdf  used on input line 267.
(pdftex.def)             Requested size: 457.7089pt x 310.15799pt.
<02.1-Main-FB-Script---India_files/figure-latex/visulaize misranking nf-3.pdf, 
id=97, 457.71pt x 316.18124pt>
File: 02.1-Main-FB-Script---India_files/figure-latex/visulaize misranking nf-3.
pdf Graphic file (type pdf)
<use 02.1-Main-FB-Script---India_files/figure-latex/visulaize misranking nf-3.p
df>
Package pdftex.def Info: 02.1-Main-FB-Script---India_files/figure-latex/visulai
ze misranking nf-3.pdf  used on input line 268.
(pdftex.def)             Requested size: 457.72984pt x 316.19493pt.
<02.1-Main-FB-Script---India_files/figure-latex/visulaize misranking nf-4.pdf, 
id=98, 457.71pt x 316.18124pt>
File: 02.1-Main-FB-Script---India_files/figure-latex/visulaize misranking nf-4.
pdf Graphic file (type pdf)
<use 02.1-Main-FB-Script---India_files/figure-latex/visulaize misranking nf-4.p
df>
Package pdftex.def Info: 02.1-Main-FB-Script---India_files/figure-latex/visulai
ze misranking nf-4.pdf  used on input line 269.
(pdftex.def)             Requested size: 457.72984pt x 316.19493pt.
<02.1-Main-FB-Script---India_files/figure-latex/visulaize misranking nf-5.pdf, 
id=99, 457.71pt x 316.18124pt>
File: 02.1-Main-FB-Script---India_files/figure-latex/visulaize misranking nf-5.
pdf Graphic file (type pdf)
<use 02.1-Main-FB-Script---India_files/figure-latex/visulaize misranking nf-5.p
df>
Package pdftex.def Info: 02.1-Main-FB-Script---India_files/figure-latex/visulai
ze misranking nf-5.pdf  used on input line 270.
(pdftex.def)             Requested size: 457.72984pt x 316.19493pt.

Underfull \hbox (badness 10000) in paragraph at lines 266--271
[][]
 []


Underfull \hbox (badness 10000) in paragraph at lines 266--271
[]
 []


Underfull \hbox (badness 10000) in paragraph at lines 266--271
[]
 []


Underfull \hbox (badness 10000) in paragraph at lines 266--271
[]
 []

[6 <./02.1-Main-FB-Script---India_files/figure-latex/pymk misranking pegged to 
mutual friends-1.pdf>] [7 <./02.1-Main-FB-Script---India_files/figure-latex/vis
ulaize misranking nf-1.pdf> <./02.1-Main-FB-Script---India_files/figure-latex/v
isulaize misranking nf-2.pdf>] [8 <./02.1-Main-FB-Script---India_files/figure-l
atex/visulaize misranking nf-3.pdf> <./02.1-Main-FB-Script---India_files/figure
-latex/visulaize misranking nf-4.pdf>]
<02.1-Main-FB-Script---India_files/figure-latex/nf misranking within based on n
ormed ranking-1.pdf, id=153, 457.71pt x 316.18124pt>
File: 02.1-Main-FB-Script---India_files/figure-latex/nf misranking within based
 on normed ranking-1.pdf Graphic file (type pdf)
<use 02.1-Main-FB-Script---India_files/figure-latex/nf misranking within based 
on normed ranking-1.pdf>
Package pdftex.def Info: 02.1-Main-FB-Script---India_files/figure-latex/nf misr
anking within based on normed ranking-1.pdf  used on input line 272.
(pdftex.def)             Requested size: 457.72984pt x 316.19493pt.
[9 <./02.1-Main-FB-Script---India_files/figure-latex/visulaize misranking nf-5.
pdf> <./02.1-Main-FB-Script---India_files/figure-latex/nf misranking within bas
ed on normed ranking-1.pdf>]
<02.1-Main-FB-Script---India_files/figure-latex/visulaize misranking pymk-1.pdf
, id=173, 453.695pt x 316.18124pt>
File: 02.1-Main-FB-Script---India_files/figure-latex/visulaize misranking pymk-
1.pdf Graphic file (type pdf)
<use 02.1-Main-FB-Script---India_files/figure-latex/visulaize misranking pymk-1
.pdf>
Package pdftex.def Info: 02.1-Main-FB-Script---India_files/figure-latex/visulai
ze misranking pymk-1.pdf  used on input line 278.
(pdftex.def)             Requested size: 453.6939pt x 316.18047pt.
<02.1-Main-FB-Script---India_files/figure-latex/visulaize misranking pymk-2.pdf
, id=174, 457.71pt x 299.1175pt>
File: 02.1-Main-FB-Script---India_files/figure-latex/visulaize misranking pymk-
2.pdf Graphic file (type pdf)
<use 02.1-Main-FB-Script---India_files/figure-latex/visulaize misranking pymk-2
.pdf>
Package pdftex.def Info: 02.1-Main-FB-Script---India_files/figure-latex/visulai
ze misranking pymk-2.pdf  used on input line 279.
(pdftex.def)             Requested size: 457.72984pt x 299.13045pt.
<02.1-Main-FB-Script---India_files/figure-latex/visulaize misranking pymk-3.pdf
, id=175, 457.71pt x 316.18124pt>
File: 02.1-Main-FB-Script---India_files/figure-latex/visulaize misranking pymk-
3.pdf Graphic file (type pdf)
<use 02.1-Main-FB-Script---India_files/figure-latex/visulaize misranking pymk-3
.pdf>
Package pdftex.def Info: 02.1-Main-FB-Script---India_files/figure-latex/visulai
ze misranking pymk-3.pdf  used on input line 280.
(pdftex.def)             Requested size: 457.72984pt x 316.19493pt.
<02.1-Main-FB-Script---India_files/figure-latex/visulaize misranking pymk-4.pdf
, id=176, 457.71pt x 316.18124pt>
File: 02.1-Main-FB-Script---India_files/figure-latex/visulaize misranking pymk-
4.pdf Graphic file (type pdf)
<use 02.1-Main-FB-Script---India_files/figure-latex/visulaize misranking pymk-4
.pdf>
Package pdftex.def Info: 02.1-Main-FB-Script---India_files/figure-latex/visulai
ze misranking pymk-4.pdf  used on input line 281.
(pdftex.def)             Requested size: 457.72984pt x 316.19493pt.
<02.1-Main-FB-Script---India_files/figure-latex/visulaize misranking pymk-5.pdf
, id=177, 457.71pt x 316.18124pt>
File: 02.1-Main-FB-Script---India_files/figure-latex/visulaize misranking pymk-
5.pdf Graphic file (type pdf)
<use 02.1-Main-FB-Script---India_files/figure-latex/visulaize misranking pymk-5
.pdf>
Package pdftex.def Info: 02.1-Main-FB-Script---India_files/figure-latex/visulai
ze misranking pymk-5.pdf  used on input line 282.
(pdftex.def)             Requested size: 457.72984pt x 316.19493pt.

Underfull \hbox (badness 10000) in paragraph at lines 278--283
[][]
 []


Underfull \hbox (badness 10000) in paragraph at lines 278--283
[]
 []


Underfull \hbox (badness 10000) in paragraph at lines 278--283
[]
 []


Underfull \hbox (badness 10000) in paragraph at lines 278--283
[]
 []

[10 <./02.1-Main-FB-Script---India_files/figure-latex/visulaize misranking pymk
-1.pdf> <./02.1-Main-FB-Script---India_files/figure-latex/visulaize misranking 
pymk-2.pdf>] [11 <./02.1-Main-FB-Script---India_files/figure-latex/visulaize mi
sranking pymk-3.pdf> <./02.1-Main-FB-Script---India_files/figure-latex/visulaiz
e misranking pymk-4.pdf>]
<02.1-Main-FB-Script---India_files/figure-latex/unnamed-chunk-1-1.pdf, id=217, 
457.71pt x 316.18124pt>
File: 02.1-Main-FB-Script---India_files/figure-latex/unnamed-chunk-1-1.pdf Grap
hic file (type pdf)
<use 02.1-Main-FB-Script---India_files/figure-latex/unnamed-chunk-1-1.pdf>
Package pdftex.def Info: 02.1-Main-FB-Script---India_files/figure-latex/unnamed
-chunk-1-1.pdf  used on input line 284.
(pdftex.def)             Requested size: 457.72984pt x 316.19493pt.
[12 <./02.1-Main-FB-Script---India_files/figure-latex/visulaize misranking pymk
-5.pdf> <./02.1-Main-FB-Script---India_files/figure-latex/unnamed-chunk-1-1.pdf
>]
<02.1-Main-FB-Script---India_files/figure-latex/evolution of timeline-1.pdf, id
=236, 451.6875pt x 316.18124pt>
File: 02.1-Main-FB-Script---India_files/figure-latex/evolution of timeline-1.pd
f Graphic file (type pdf)
<use 02.1-Main-FB-Script---India_files/figure-latex/evolution of timeline-1.pdf
>
Package pdftex.def Info: 02.1-Main-FB-Script---India_files/figure-latex/evoluti
on of timeline-1.pdf  used on input line 291.
(pdftex.def)             Requested size: 451.71394pt x 316.19975pt.
<02.1-Main-FB-Script---India_files/figure-latex/evolution of timeline-2.pdf, id
=237, 451.6875pt x 316.18124pt>
File: 02.1-Main-FB-Script---India_files/figure-latex/evolution of timeline-2.pd
f Graphic file (type pdf)
<use 02.1-Main-FB-Script---India_files/figure-latex/evolution of timeline-2.pdf
>
Package pdftex.def Info: 02.1-Main-FB-Script---India_files/figure-latex/evoluti
on of timeline-2.pdf  used on input line 292.
(pdftex.def)             Requested size: 451.71394pt x 316.19975pt.

Underfull \hbox (badness 10000) in paragraph at lines 291--293
[][]
 []

[13 <./02.1-Main-FB-Script---India_files/figure-latex/evolution of timeline-1.p
df>]
<02.1-Main-FB-Script---India_files/figure-latex/evolution of timeline-3.pdf, id
=250, 451.6875pt x 316.18124pt>
File: 02.1-Main-FB-Script---India_files/figure-latex/evolution of timeline-3.pd
f Graphic file (type pdf)
<use 02.1-Main-FB-Script---India_files/figure-latex/evolution of timeline-3.pdf
>
Package pdftex.def Info: 02.1-Main-FB-Script---India_files/figure-latex/evoluti
on of timeline-3.pdf  used on input line 299.
(pdftex.def)             Requested size: 451.71394pt x 316.19975pt.
[14 <./02.1-Main-FB-Script---India_files/figure-latex/evolution of timeline-2.p
df>]
<02.1-Main-FB-Script---India_files/figure-latex/alluvials-1.pdf, id=262, 458.71
375pt x 300.12125pt>
File: 02.1-Main-FB-Script---India_files/figure-latex/alluvials-1.pdf Graphic fi
le (type pdf)
<use 02.1-Main-FB-Script---India_files/figure-latex/alluvials-1.pdf>
Package pdftex.def Info: 02.1-Main-FB-Script---India_files/figure-latex/alluvia
ls-1.pdf  used on input line 301.
(pdftex.def)             Requested size: 458.73363pt x 300.13425pt.
<02.1-Main-FB-Script---India_files/figure-latex/alluvials-2.pdf, id=263, 458.71
375pt x 300.12125pt>
File: 02.1-Main-FB-Script---India_files/figure-latex/alluvials-2.pdf Graphic fi
le (type pdf)
<use 02.1-Main-FB-Script---India_files/figure-latex/alluvials-2.pdf>
Package pdftex.def Info: 02.1-Main-FB-Script---India_files/figure-latex/alluvia
ls-2.pdf  used on input line 302.
(pdftex.def)             Requested size: 458.73363pt x 300.13425pt.
<02.1-Main-FB-Script---India_files/figure-latex/alluvials-3.pdf, id=264, 458.71
375pt x 300.12125pt>
File: 02.1-Main-FB-Script---India_files/figure-latex/alluvials-3.pdf Graphic fi
le (type pdf)
<use 02.1-Main-FB-Script---India_files/figure-latex/alluvials-3.pdf>
Package pdftex.def Info: 02.1-Main-FB-Script---India_files/figure-latex/alluvia
ls-3.pdf  used on input line 303.
(pdftex.def)             Requested size: 458.73363pt x 300.13425pt.
<02.1-Main-FB-Script---India_files/figure-latex/alluvials-4.pdf, id=265, 458.71
375pt x 300.12125pt>
File: 02.1-Main-FB-Script---India_files/figure-latex/alluvials-4.pdf Graphic fi
le (type pdf)
<use 02.1-Main-FB-Script---India_files/figure-latex/alluvials-4.pdf>
Package pdftex.def Info: 02.1-Main-FB-Script---India_files/figure-latex/alluvia
ls-4.pdf  used on input line 304.
(pdftex.def)             Requested size: 458.73363pt x 300.13425pt.
<02.1-Main-FB-Script---India_files/figure-latex/alluvials-5.pdf, id=266, 458.71
375pt x 300.12125pt>
File: 02.1-Main-FB-Script---India_files/figure-latex/alluvials-5.pdf Graphic fi
le (type pdf)
<use 02.1-Main-FB-Script---India_files/figure-latex/alluvials-5.pdf>
Package pdftex.def Info: 02.1-Main-FB-Script---India_files/figure-latex/alluvia
ls-5.pdf  used on input line 305.
(pdftex.def)             Requested size: 458.73363pt x 300.13425pt.

Underfull \hbox (badness 10000) in paragraph at lines 301--306
[][]
 []


Underfull \hbox (badness 10000) in paragraph at lines 301--306
[]
 []


Underfull \hbox (badness 10000) in paragraph at lines 301--306
[]
 []


Underfull \hbox (badness 10000) in paragraph at lines 301--306
[]
 []

[15 <./02.1-Main-FB-Script---India_files/figure-latex/evolution of timeline-3.p
df> <./02.1-Main-FB-Script---India_files/figure-latex/alluvials-1.pdf>] [16 <./
02.1-Main-FB-Script---India_files/figure-latex/alluvials-2.pdf> <./02.1-Main-FB
-Script---India_files/figure-latex/alluvials-3.pdf>]
<02.1-Main-FB-Script---India_files/figure-latex/sankey-1.pdf, id=319, 463.7325p
t x 310.15875pt>
File: 02.1-Main-FB-Script---India_files/figure-latex/sankey-1.pdf Graphic file 
(type pdf)
<use 02.1-Main-FB-Script---India_files/figure-latex/sankey-1.pdf>
Package pdftex.def Info: 02.1-Main-FB-Script---India_files/figure-latex/sankey-
1.pdf  used on input line 307.
(pdftex.def)             Requested size: 463.73135pt x 310.15799pt.
[17 <./02.1-Main-FB-Script---India_files/figure-latex/alluvials-4.pdf> <./02.1-
Main-FB-Script---India_files/figure-latex/alluvials-5.pdf>]
<02.1-Main-FB-Script---India_files/figure-latex/heatmap counts-1.pdf, id=348, 4
53.695pt x 303.1325pt>
File: 02.1-Main-FB-Script---India_files/figure-latex/heatmap counts-1.pdf Graph
ic file (type pdf)
<use 02.1-Main-FB-Script---India_files/figure-latex/heatmap counts-1.pdf>
Package pdftex.def Info: 02.1-Main-FB-Script---India_files/figure-latex/heatmap
 counts-1.pdf  used on input line 309.
(pdftex.def)             Requested size: 453.6939pt x 303.13176pt.
<02.1-Main-FB-Script---India_files/figure-latex/heatmap counts-2.pdf, id=349, 4
53.695pt x 303.1325pt>
File: 02.1-Main-FB-Script---India_files/figure-latex/heatmap counts-2.pdf Graph
ic file (type pdf)
<use 02.1-Main-FB-Script---India_files/figure-latex/heatmap counts-2.pdf>
Package pdftex.def Info: 02.1-Main-FB-Script---India_files/figure-latex/heatmap
 counts-2.pdf  used on input line 310.
(pdftex.def)             Requested size: 453.6939pt x 303.13176pt.
<02.1-Main-FB-Script---India_files/figure-latex/heatmap counts-3.pdf, id=350, 4
53.695pt x 303.1325pt>
File: 02.1-Main-FB-Script---India_files/figure-latex/heatmap counts-3.pdf Graph
ic file (type pdf)
<use 02.1-Main-FB-Script---India_files/figure-latex/heatmap counts-3.pdf>
Package pdftex.def Info: 02.1-Main-FB-Script---India_files/figure-latex/heatmap
 counts-3.pdf  used on input line 311.
(pdftex.def)             Requested size: 453.6939pt x 303.13176pt.
<02.1-Main-FB-Script---India_files/figure-latex/heatmap counts-4.pdf, id=351, 4
53.695pt x 303.1325pt>
File: 02.1-Main-FB-Script---India_files/figure-latex/heatmap counts-4.pdf Graph
ic file (type pdf)
<use 02.1-Main-FB-Script---India_files/figure-latex/heatmap counts-4.pdf>
Package pdftex.def Info: 02.1-Main-FB-Script---India_files/figure-latex/heatmap
 counts-4.pdf  used on input line 312.
(pdftex.def)             Requested size: 453.6939pt x 303.13176pt.
<02.1-Main-FB-Script---India_files/figure-latex/heatmap counts-5.pdf, id=352, 4
53.695pt x 303.1325pt>
File: 02.1-Main-FB-Script---India_files/figure-latex/heatmap counts-5.pdf Graph
ic file (type pdf)
<use 02.1-Main-FB-Script---India_files/figure-latex/heatmap counts-5.pdf>
Package pdftex.def Info: 02.1-Main-FB-Script---India_files/figure-latex/heatmap
 counts-5.pdf  used on input line 313.
(pdftex.def)             Requested size: 453.6939pt x 303.13176pt.
<02.1-Main-FB-Script---India_files/figure-latex/heatmap counts-6.pdf, id=353, 4
53.695pt x 310.15875pt>
File: 02.1-Main-FB-Script---India_files/figure-latex/heatmap counts-6.pdf Graph
ic file (type pdf)
<use 02.1-Main-FB-Script---India_files/figure-latex/heatmap counts-6.pdf>
Package pdftex.def Info: 02.1-Main-FB-Script---India_files/figure-latex/heatmap
 counts-6.pdf  used on input line 314.
(pdftex.def)             Requested size: 453.6939pt x 310.15799pt.
<02.1-Main-FB-Script---India_files/figure-latex/heatmap counts-7.pdf, id=354, 4
53.695pt x 310.15875pt>
File: 02.1-Main-FB-Script---India_files/figure-latex/heatmap counts-7.pdf Graph
ic file (type pdf)
<use 02.1-Main-FB-Script---India_files/figure-latex/heatmap counts-7.pdf>
Package pdftex.def Info: 02.1-Main-FB-Script---India_files/figure-latex/heatmap
 counts-7.pdf  used on input line 315.
(pdftex.def)             Requested size: 453.6939pt x 310.15799pt.

Underfull \hbox (badness 10000) in paragraph at lines 309--316
[][]
 []


Underfull \hbox (badness 10000) in paragraph at lines 309--316
[]
 []


Underfull \hbox (badness 10000) in paragraph at lines 309--316
[]
 []


Underfull \hbox (badness 10000) in paragraph at lines 309--316
[]
 []


Underfull \hbox (badness 10000) in paragraph at lines 309--316
[]
 []


Underfull \hbox (badness 10000) in paragraph at lines 309--316
[]
 []

[18 <./02.1-Main-FB-Script---India_files/figure-latex/sankey-1.pdf> <./02.1-Mai
n-FB-Script---India_files/figure-latex/heatmap counts-1.pdf>] [19 <./02.1-Main-
FB-Script---India_files/figure-latex/heatmap counts-2.pdf> <./02.1-Main-FB-Scri
pt---India_files/figure-latex/heatmap counts-3.pdf>] [20 <./02.1-Main-FB-Script
---India_files/figure-latex/heatmap counts-4.pdf> <./02.1-Main-FB-Script---Indi
a_files/figure-latex/heatmap counts-5.pdf>]
<02.1-Main-FB-Script---India_files/figure-latex/heatmap pct-1.pdf, id=421, 453.
695pt x 310.15875pt>
File: 02.1-Main-FB-Script---India_files/figure-latex/heatmap pct-1.pdf Graphic 
file (type pdf)
<use 02.1-Main-FB-Script---India_files/figure-latex/heatmap pct-1.pdf>
Package pdftex.def Info: 02.1-Main-FB-Script---India_files/figure-latex/heatmap
 pct-1.pdf  used on input line 317.
(pdftex.def)             Requested size: 453.6939pt x 310.15799pt.
<02.1-Main-FB-Script---India_files/figure-latex/heatmap pct-2.pdf, id=422, 453.
695pt x 303.1325pt>
File: 02.1-Main-FB-Script---India_files/figure-latex/heatmap pct-2.pdf Graphic 
file (type pdf)
<use 02.1-Main-FB-Script---India_files/figure-latex/heatmap pct-2.pdf>
Package pdftex.def Info: 02.1-Main-FB-Script---India_files/figure-latex/heatmap
 pct-2.pdf  used on input line 318.
(pdftex.def)             Requested size: 453.6939pt x 303.13176pt.
<02.1-Main-FB-Script---India_files/figure-latex/heatmap pct-3.pdf, id=423, 453.
695pt x 303.1325pt>
File: 02.1-Main-FB-Script---India_files/figure-latex/heatmap pct-3.pdf Graphic 
file (type pdf)
<use 02.1-Main-FB-Script---India_files/figure-latex/heatmap pct-3.pdf>
Package pdftex.def Info: 02.1-Main-FB-Script---India_files/figure-latex/heatmap
 pct-3.pdf  used on input line 319.
(pdftex.def)             Requested size: 453.6939pt x 303.13176pt.
<02.1-Main-FB-Script---India_files/figure-latex/heatmap pct-4.pdf, id=424, 453.
695pt x 303.1325pt>
File: 02.1-Main-FB-Script---India_files/figure-latex/heatmap pct-4.pdf Graphic 
file (type pdf)
<use 02.1-Main-FB-Script---India_files/figure-latex/heatmap pct-4.pdf>
Package pdftex.def Info: 02.1-Main-FB-Script---India_files/figure-latex/heatmap
 pct-4.pdf  used on input line 320.
(pdftex.def)             Requested size: 453.6939pt x 303.13176pt.
<02.1-Main-FB-Script---India_files/figure-latex/heatmap pct-5.pdf, id=425, 453.
695pt x 303.1325pt>
File: 02.1-Main-FB-Script---India_files/figure-latex/heatmap pct-5.pdf Graphic 
file (type pdf)
<use 02.1-Main-FB-Script---India_files/figure-latex/heatmap pct-5.pdf>
Package pdftex.def Info: 02.1-Main-FB-Script---India_files/figure-latex/heatmap
 pct-5.pdf  used on input line 321.
(pdftex.def)             Requested size: 453.6939pt x 303.13176pt.
<02.1-Main-FB-Script---India_files/figure-latex/heatmap pct-6.pdf, id=426, 453.
695pt x 310.15875pt>
File: 02.1-Main-FB-Script---India_files/figure-latex/heatmap pct-6.pdf Graphic 
file (type pdf)
<use 02.1-Main-FB-Script---India_files/figure-latex/heatmap pct-6.pdf>
Package pdftex.def Info: 02.1-Main-FB-Script---India_files/figure-latex/heatmap
 pct-6.pdf  used on input line 322.
(pdftex.def)             Requested size: 453.6939pt x 310.15799pt.
<02.1-Main-FB-Script---India_files/figure-latex/heatmap pct-7.pdf, id=427, 453.
695pt x 310.15875pt>
File: 02.1-Main-FB-Script---India_files/figure-latex/heatmap pct-7.pdf Graphic 
file (type pdf)
<use 02.1-Main-FB-Script---India_files/figure-latex/heatmap pct-7.pdf>
Package pdftex.def Info: 02.1-Main-FB-Script---India_files/figure-latex/heatmap
 pct-7.pdf  used on input line 323.
(pdftex.def)             Requested size: 453.6939pt x 310.15799pt.

Underfull \hbox (badness 10000) in paragraph at lines 317--324
[][]
 []


Underfull \hbox (badness 10000) in paragraph at lines 317--324
[]
 []


Underfull \hbox (badness 10000) in paragraph at lines 317--324
[]
 []


Underfull \hbox (badness 10000) in paragraph at lines 317--324
[]
 []


Underfull \hbox (badness 10000) in paragraph at lines 317--324
[]
 []


Underfull \hbox (badness 10000) in paragraph at lines 317--324
[]
 []

[21 <./02.1-Main-FB-Script---India_files/figure-latex/heatmap counts-6.pdf> <./
02.1-Main-FB-Script---India_files/figure-latex/heatmap counts-7.pdf>] [22 <./02
.1-Main-FB-Script---India_files/figure-latex/heatmap pct-1.pdf> <./02.1-Main-FB
-Script---India_files/figure-latex/heatmap pct-2.pdf>] [23 <./02.1-Main-FB-Scri
pt---India_files/figure-latex/heatmap pct-3.pdf> <./02.1-Main-FB-Script---India
_files/figure-latex/heatmap pct-4.pdf>] [24 <./02.1-Main-FB-Script---India_file
s/figure-latex/heatmap pct-5.pdf> <./02.1-Main-FB-Script---India_files/figure-l
atex/heatmap pct-6.pdf>]
<02.1-Main-FB-Script---India_files/figure-latex/heatmap four by 60-1.pdf, id=50
9, 453.695pt x 310.15875pt>
File: 02.1-Main-FB-Script---India_files/figure-latex/heatmap four by 60-1.pdf G
raphic file (type pdf)
<use 02.1-Main-FB-Script---India_files/figure-latex/heatmap four by 60-1.pdf>
Package pdftex.def Info: 02.1-Main-FB-Script---India_files/figure-latex/heatmap
 four by 60-1.pdf  used on input line 325.
(pdftex.def)             Requested size: 453.6939pt x 310.15799pt.
<02.1-Main-FB-Script---India_files/figure-latex/heatmap four by 60-2.pdf, id=51
0, 453.695pt x 310.15875pt>
File: 02.1-Main-FB-Script---India_files/figure-latex/heatmap four by 60-2.pdf G
raphic file (type pdf)
<use 02.1-Main-FB-Script---India_files/figure-latex/heatmap four by 60-2.pdf>
Package pdftex.def Info: 02.1-Main-FB-Script---India_files/figure-latex/heatmap
 four by 60-2.pdf  used on input line 326.
(pdftex.def)             Requested size: 453.6939pt x 310.15799pt.
<02.1-Main-FB-Script---India_files/figure-latex/heatmap four by 60-3.pdf, id=51
1, 453.695pt x 310.15875pt>
File: 02.1-Main-FB-Script---India_files/figure-latex/heatmap four by 60-3.pdf G
raphic file (type pdf)
<use 02.1-Main-FB-Script---India_files/figure-latex/heatmap four by 60-3.pdf>
Package pdftex.def Info: 02.1-Main-FB-Script---India_files/figure-latex/heatmap
 four by 60-3.pdf  used on input line 327.
(pdftex.def)             Requested size: 453.6939pt x 310.15799pt.
<02.1-Main-FB-Script---India_files/figure-latex/heatmap four by 60-4.pdf, id=51
2, 453.695pt x 310.15875pt>
File: 02.1-Main-FB-Script---India_files/figure-latex/heatmap four by 60-4.pdf G
raphic file (type pdf)
<use 02.1-Main-FB-Script---India_files/figure-latex/heatmap four by 60-4.pdf>
Package pdftex.def Info: 02.1-Main-FB-Script---India_files/figure-latex/heatmap
 four by 60-4.pdf  used on input line 328.
(pdftex.def)             Requested size: 453.6939pt x 310.15799pt.
<02.1-Main-FB-Script---India_files/figure-latex/heatmap four by 60-5.pdf, id=51
3, 453.695pt x 310.15875pt>
File: 02.1-Main-FB-Script---India_files/figure-latex/heatmap four by 60-5.pdf G
raphic file (type pdf)
<use 02.1-Main-FB-Script---India_files/figure-latex/heatmap four by 60-5.pdf>
Package pdftex.def Info: 02.1-Main-FB-Script---India_files/figure-latex/heatmap
 four by 60-5.pdf  used on input line 329.
(pdftex.def)             Requested size: 453.6939pt x 310.15799pt.
<02.1-Main-FB-Script---India_files/figure-latex/heatmap four by 60-6.pdf, id=51
4, 453.695pt x 310.15875pt>
File: 02.1-Main-FB-Script---India_files/figure-latex/heatmap four by 60-6.pdf G
raphic file (type pdf)
<use 02.1-Main-FB-Script---India_files/figure-latex/heatmap four by 60-6.pdf>
Package pdftex.def Info: 02.1-Main-FB-Script---India_files/figure-latex/heatmap
 four by 60-6.pdf  used on input line 330.
(pdftex.def)             Requested size: 453.6939pt x 310.15799pt.
<02.1-Main-FB-Script---India_files/figure-latex/heatmap four by 60-7.pdf, id=51
5, 453.695pt x 304.13625pt>
File: 02.1-Main-FB-Script---India_files/figure-latex/heatmap four by 60-7.pdf G
raphic file (type pdf)
<use 02.1-Main-FB-Script---India_files/figure-latex/heatmap four by 60-7.pdf>
Package pdftex.def Info: 02.1-Main-FB-Script---India_files/figure-latex/heatmap
 four by 60-7.pdf  used on input line 331.
(pdftex.def)             Requested size: 453.6939pt x 304.1355pt.

Underfull \hbox (badness 10000) in paragraph at lines 325--332
[][]
 []


Underfull \hbox (badness 10000) in paragraph at lines 325--332
[]
 []


Underfull \hbox (badness 10000) in paragraph at lines 325--332
[]
 []


Underfull \hbox (badness 10000) in paragraph at lines 325--332
[]
 []


Underfull \hbox (badness 10000) in paragraph at lines 325--332
[]
 []


Underfull \hbox (badness 10000) in paragraph at lines 325--332
[]
 []

[25 <./02.1-Main-FB-Script---India_files/figure-latex/heatmap pct-7.pdf> <./02.
1-Main-FB-Script---India_files/figure-latex/heatmap four by 60-1.pdf>] [26 <./0
2.1-Main-FB-Script---India_files/figure-latex/heatmap four by 60-2.pdf> <./02.1
-Main-FB-Script---India_files/figure-latex/heatmap four by 60-3.pdf>] [27 <./02
.1-Main-FB-Script---India_files/figure-latex/heatmap four by 60-4.pdf> <./02.1-
Main-FB-Script---India_files/figure-latex/heatmap four by 60-5.pdf>]
<02.1-Main-FB-Script---India_files/figure-latex/Raw Likert Panel - NF-1.pdf, id
=592, 445.665pt x 316.18124pt>
File: 02.1-Main-FB-Script---India_files/figure-latex/Raw Likert Panel - NF-1.pd
f Graphic file (type pdf)
<use 02.1-Main-FB-Script---India_files/figure-latex/Raw Likert Panel - NF-1.pdf
>
Package pdftex.def Info: 02.1-Main-FB-Script---India_files/figure-latex/Raw Lik
ert Panel - NF-1.pdf  used on input line 333.
(pdftex.def)             Requested size: 445.6707pt x 316.18529pt.
<02.1-Main-FB-Script---India_files/figure-latex/Raw Likert Panel - NF-2.pdf, id
=593, 445.665pt x 316.18124pt>
File: 02.1-Main-FB-Script---India_files/figure-latex/Raw Likert Panel - NF-2.pd
f Graphic file (type pdf)
<use 02.1-Main-FB-Script---India_files/figure-latex/Raw Likert Panel - NF-2.pdf
>
Package pdftex.def Info: 02.1-Main-FB-Script---India_files/figure-latex/Raw Lik
ert Panel - NF-2.pdf  used on input line 334.
(pdftex.def)             Requested size: 445.6707pt x 316.18529pt.
<02.1-Main-FB-Script---India_files/figure-latex/Raw Likert Panel - NF-3.pdf, id
=594, 445.665pt x 316.18124pt>
File: 02.1-Main-FB-Script---India_files/figure-latex/Raw Likert Panel - NF-3.pd
f Graphic file (type pdf)
<use 02.1-Main-FB-Script---India_files/figure-latex/Raw Likert Panel - NF-3.pdf
>
Package pdftex.def Info: 02.1-Main-FB-Script---India_files/figure-latex/Raw Lik
ert Panel - NF-3.pdf  used on input line 335.
(pdftex.def)             Requested size: 445.6707pt x 316.18529pt.
<02.1-Main-FB-Script---India_files/figure-latex/Raw Likert Panel - NF-4.pdf, id
=595, 445.665pt x 316.18124pt>
File: 02.1-Main-FB-Script---India_files/figure-latex/Raw Likert Panel - NF-4.pd
f Graphic file (type pdf)
<use 02.1-Main-FB-Script---India_files/figure-latex/Raw Likert Panel - NF-4.pdf
>
Package pdftex.def Info: 02.1-Main-FB-Script---India_files/figure-latex/Raw Lik
ert Panel - NF-4.pdf  used on input line 336.
(pdftex.def)             Requested size: 445.6707pt x 316.18529pt.

Underfull \hbox (badness 10000) in paragraph at lines 333--337
[][]
 []


Underfull \hbox (badness 10000) in paragraph at lines 333--337
[]
 []


Underfull \hbox (badness 10000) in paragraph at lines 333--337
[]
 []

[28 <./02.1-Main-FB-Script---India_files/figure-latex/heatmap four by 60-6.pdf>
 <./02.1-Main-FB-Script---India_files/figure-latex/heatmap four by 60-7.pdf>] [
29 <./02.1-Main-FB-Script---India_files/figure-latex/Raw Likert Panel - NF-1.pd
f> <./02.1-Main-FB-Script---India_files/figure-latex/Raw Likert Panel - NF-2.pd
f>]
<02.1-Main-FB-Script---India_files/figure-latex/Outcomes by norm pref-1.pdf, id
=650, 444.66125pt x 316.18124pt>
File: 02.1-Main-FB-Script---India_files/figure-latex/Outcomes by norm pref-1.pd
f Graphic file (type pdf)
<use 02.1-Main-FB-Script---India_files/figure-latex/Outcomes by norm pref-1.pdf
>
Package pdftex.def Info: 02.1-Main-FB-Script---India_files/figure-latex/Outcome
s by norm pref-1.pdf  used on input line 338.
(pdftex.def)             Requested size: 444.66016pt x 316.18047pt.
<02.1-Main-FB-Script---India_files/figure-latex/Outcomes by norm pref-2.pdf, id
=651, 444.66125pt x 316.18124pt>
File: 02.1-Main-FB-Script---India_files/figure-latex/Outcomes by norm pref-2.pd
f Graphic file (type pdf)
<use 02.1-Main-FB-Script---India_files/figure-latex/Outcomes by norm pref-2.pdf
>
Package pdftex.def Info: 02.1-Main-FB-Script---India_files/figure-latex/Outcome
s by norm pref-2.pdf  used on input line 339.
(pdftex.def)             Requested size: 444.66016pt x 316.18047pt.
<02.1-Main-FB-Script---India_files/figure-latex/Outcomes by norm pref-3.pdf, id
=652, 444.66125pt x 316.18124pt>
File: 02.1-Main-FB-Script---India_files/figure-latex/Outcomes by norm pref-3.pd
f Graphic file (type pdf)
<use 02.1-Main-FB-Script---India_files/figure-latex/Outcomes by norm pref-3.pdf
>
Package pdftex.def Info: 02.1-Main-FB-Script---India_files/figure-latex/Outcome
s by norm pref-3.pdf  used on input line 340.
(pdftex.def)             Requested size: 444.66016pt x 316.18047pt.
<02.1-Main-FB-Script---India_files/figure-latex/Outcomes by norm pref-4.pdf, id
=653, 444.66125pt x 316.18124pt>
File: 02.1-Main-FB-Script---India_files/figure-latex/Outcomes by norm pref-4.pd
f Graphic file (type pdf)
<use 02.1-Main-FB-Script---India_files/figure-latex/Outcomes by norm pref-4.pdf
>
Package pdftex.def Info: 02.1-Main-FB-Script---India_files/figure-latex/Outcome
s by norm pref-4.pdf  used on input line 341.
(pdftex.def)             Requested size: 444.66016pt x 316.18047pt.

Underfull \hbox (badness 10000) in paragraph at lines 338--342
[][]
 []


Underfull \hbox (badness 10000) in paragraph at lines 338--342
[]
 []


Underfull \hbox (badness 10000) in paragraph at lines 338--342
[]
 []

[30 <./02.1-Main-FB-Script---India_files/figure-latex/Raw Likert Panel - NF-3.p
df> <./02.1-Main-FB-Script---India_files/figure-latex/Raw Likert Panel - NF-4.p
df>] [31 <./02.1-Main-FB-Script---India_files/figure-latex/Outcomes by norm pre
f-1.pdf> <./02.1-Main-FB-Script---India_files/figure-latex/Outcomes by norm pre
f-2.pdf>]
<02.1-Main-FB-Script---India_files/figure-latex/Excess ingroup-1.pdf, id=692, 4
65.74pt x 311.1625pt>
File: 02.1-Main-FB-Script---India_files/figure-latex/Excess ingroup-1.pdf Graph
ic file (type pdf)
<use 02.1-Main-FB-Script---India_files/figure-latex/Excess ingroup-1.pdf>
Package pdftex.def Info: 02.1-Main-FB-Script---India_files/figure-latex/Excess 
ingroup-1.pdf  used on input line 343.
(pdftex.def)             Requested size: 465.74596pt x 311.16649pt.
<02.1-Main-FB-Script---India_files/figure-latex/Excess ingroup-2.pdf, id=693, 4
45.665pt x 309.155pt>
File: 02.1-Main-FB-Script---India_files/figure-latex/Excess ingroup-2.pdf Graph
ic file (type pdf)
<use 02.1-Main-FB-Script---India_files/figure-latex/Excess ingroup-2.pdf>
Package pdftex.def Info: 02.1-Main-FB-Script---India_files/figure-latex/Excess 
ingroup-2.pdf  used on input line 344.
(pdftex.def)             Requested size: 445.6707pt x 309.15895pt.

Underfull \hbox (badness 10000) in paragraph at lines 343--345
[][]
 []

[32 <./02.1-Main-FB-Script---India_files/figure-latex/Outcomes by norm pref-3.p
df> <./02.1-Main-FB-Script---India_files/figure-latex/Outcomes by norm pref-4.p
df>]
<02.1-Main-FB-Script---India_files/figure-latex/Distribution of raw pref by gro
up-1.pdf, id=712, 453.695pt x 316.18124pt>
File: 02.1-Main-FB-Script---India_files/figure-latex/Distribution of raw pref b
y group-1.pdf Graphic file (type pdf)
<use 02.1-Main-FB-Script---India_files/figure-latex/Distribution of raw pref by
 group-1.pdf>
Package pdftex.def Info: 02.1-Main-FB-Script---India_files/figure-latex/Distrib
ution of raw pref by group-1.pdf  used on input line 346.
(pdftex.def)             Requested size: 453.6939pt x 316.18047pt.
<02.1-Main-FB-Script---India_files/figure-latex/Distribution of raw pref by gro
up-2.pdf, id=713, 459.7175pt x 312.16624pt>
File: 02.1-Main-FB-Script---India_files/figure-latex/Distribution of raw pref b
y group-2.pdf Graphic file (type pdf)
<use 02.1-Main-FB-Script---India_files/figure-latex/Distribution of raw pref by
 group-2.pdf>
Package pdftex.def Info: 02.1-Main-FB-Script---India_files/figure-latex/Distrib
ution of raw pref by group-2.pdf  used on input line 347.
(pdftex.def)             Requested size: 459.72337pt x 312.17024pt.
<02.1-Main-FB-Script---India_files/figure-latex/Distribution of raw pref by gro
up-3.pdf, id=714, 453.695pt x 315.1775pt>
File: 02.1-Main-FB-Script---India_files/figure-latex/Distribution of raw pref b
y group-3.pdf Graphic file (type pdf)
<use 02.1-Main-FB-Script---India_files/figure-latex/Distribution of raw pref by
 group-3.pdf>
Package pdftex.def Info: 02.1-Main-FB-Script---India_files/figure-latex/Distrib
ution of raw pref by group-3.pdf  used on input line 348.
(pdftex.def)             Requested size: 453.6939pt x 315.17673pt.
<02.1-Main-FB-Script---India_files/figure-latex/Distribution of raw pref by gro
up-4.pdf, id=715, 453.695pt x 315.1775pt>
File: 02.1-Main-FB-Script---India_files/figure-latex/Distribution of raw pref b
y group-4.pdf Graphic file (type pdf)
<use 02.1-Main-FB-Script---India_files/figure-latex/Distribution of raw pref by
 group-4.pdf>
Package pdftex.def Info: 02.1-Main-FB-Script---India_files/figure-latex/Distrib
ution of raw pref by group-4.pdf  used on input line 349.
(pdftex.def)             Requested size: 453.6939pt x 315.17673pt.

Underfull \hbox (badness 10000) in paragraph at lines 346--350
[][]
 []


Underfull \hbox (badness 10000) in paragraph at lines 346--350
[]
 []


Underfull \hbox (badness 10000) in paragraph at lines 346--350
[]
 []

[33 <./02.1-Main-FB-Script---India_files/figure-latex/Excess ingroup-1.pdf> <./
02.1-Main-FB-Script---India_files/figure-latex/Excess ingroup-2.pdf>] [34 <./02
.1-Main-FB-Script---India_files/figure-latex/Distribution of raw pref by group-
1.pdf> <./02.1-Main-FB-Script---India_files/figure-latex/Distribution of raw pr
ef by group-2.pdf>]
<02.1-Main-FB-Script---India_files/figure-latex/Raw Likert Panel by Group-1.pdf
, id=756, 468.75125pt x 317.185pt>
File: 02.1-Main-FB-Script---India_files/figure-latex/Raw Likert Panel by Group-
1.pdf Graphic file (type pdf)
<use 02.1-Main-FB-Script---India_files/figure-latex/Raw Likert Panel by Group-1
.pdf>
Package pdftex.def Info: 02.1-Main-FB-Script---India_files/figure-latex/Raw Lik
ert Panel by Group-1.pdf  used on input line 351.
(pdftex.def)             Requested size: 468.75009pt x 317.1842pt.
<02.1-Main-FB-Script---India_files/figure-latex/Raw Likert Panel by Group-2.pdf
, id=757, 447.6725pt x 316.18124pt>
File: 02.1-Main-FB-Script---India_files/figure-latex/Raw Likert Panel by Group-
2.pdf Graphic file (type pdf)
<use 02.1-Main-FB-Script---India_files/figure-latex/Raw Likert Panel by Group-2
.pdf>
Package pdftex.def Info: 02.1-Main-FB-Script---India_files/figure-latex/Raw Lik
ert Panel by Group-2.pdf  used on input line 352.
(pdftex.def)             Requested size: 447.68506pt x 316.19011pt.

Underfull \hbox (badness 10000) in paragraph at lines 351--353
[][]
 []

[35 <./02.1-Main-FB-Script---India_files/figure-latex/Distribution of raw pref 
by group-3.pdf> <./02.1-Main-FB-Script---India_files/figure-latex/Distribution 
of raw pref by group-4.pdf>]
<02.1-Main-FB-Script---India_files/figure-latex/Norm Likert Panel by Group-1.pd
f, id=782, 468.75125pt x 302.12875pt>
File: 02.1-Main-FB-Script---India_files/figure-latex/Norm Likert Panel by Group
-1.pdf Graphic file (type pdf)
<use 02.1-Main-FB-Script---India_files/figure-latex/Norm Likert Panel by Group-
1.pdf>
Package pdftex.def Info: 02.1-Main-FB-Script---India_files/figure-latex/Norm Li
kert Panel by Group-1.pdf  used on input line 354.
(pdftex.def)             Requested size: 468.75009pt x 302.128pt.
<02.1-Main-FB-Script---India_files/figure-latex/Norm Likert Panel by Group-2.pd
f, id=783, 457.71pt x 316.18124pt>
File: 02.1-Main-FB-Script---India_files/figure-latex/Norm Likert Panel by Group
-2.pdf Graphic file (type pdf)
<use 02.1-Main-FB-Script---India_files/figure-latex/Norm Likert Panel by Group-
2.pdf>
Package pdftex.def Info: 02.1-Main-FB-Script---India_files/figure-latex/Norm Li
kert Panel by Group-2.pdf  used on input line 355.
(pdftex.def)             Requested size: 457.72984pt x 316.19493pt.

Underfull \hbox (badness 10000) in paragraph at lines 354--356
[][]
 []

[36 <./02.1-Main-FB-Script---India_files/figure-latex/Raw Likert Panel by Group
-1.pdf> <./02.1-Main-FB-Script---India_files/figure-latex/Raw Likert Panel by G
roup-2.pdf>]
<02.1-Main-FB-Script---India_files/figure-latex/main graph by time-1.pdf, id=80
3, 457.71pt x 316.18124pt>
File: 02.1-Main-FB-Script---India_files/figure-latex/main graph by time-1.pdf G
raphic file (type pdf)
<use 02.1-Main-FB-Script---India_files/figure-latex/main graph by time-1.pdf>
Package pdftex.def Info: 02.1-Main-FB-Script---India_files/figure-latex/main gr
aph by time-1.pdf  used on input line 357.
(pdftex.def)             Requested size: 457.72984pt x 316.19493pt.
[37 <./02.1-Main-FB-Script---India_files/figure-latex/Norm Likert Panel by Grou
p-1.pdf> <./02.1-Main-FB-Script---India_files/figure-latex/Norm Likert Panel by
 Group-2.pdf>]
<02.1-Main-FB-Script---India_files/figure-latex/slow roll out of main graph nf-
1.pdf, id=825, 457.71pt x 316.18124pt>
File: 02.1-Main-FB-Script---India_files/figure-latex/slow roll out of main grap
h nf-1.pdf Graphic file (type pdf)
<use 02.1-Main-FB-Script---India_files/figure-latex/slow roll out of main graph
 nf-1.pdf>
Package pdftex.def Info: 02.1-Main-FB-Script---India_files/figure-latex/slow ro
ll out of main graph nf-1.pdf  used on input line 364.
(pdftex.def)             Requested size: 457.72984pt x 316.19493pt.
[38 <./02.1-Main-FB-Script---India_files/figure-latex/main graph by time-1.pdf>
]
<02.1-Main-FB-Script---India_files/figure-latex/slow roll out of main graph nf-
2.pdf, id=837, 457.71pt x 316.18124pt>
File: 02.1-Main-FB-Script---India_files/figure-latex/slow roll out of main grap
h nf-2.pdf Graphic file (type pdf)
<use 02.1-Main-FB-Script---India_files/figure-latex/slow roll out of main graph
 nf-2.pdf>
Package pdftex.def Info: 02.1-Main-FB-Script---India_files/figure-latex/slow ro
ll out of main graph nf-2.pdf  used on input line 371.
(pdftex.def)             Requested size: 457.72984pt x 316.19493pt.
<02.1-Main-FB-Script---India_files/figure-latex/slow roll out of main graph nf-
3.pdf, id=838, 457.71pt x 316.18124pt>
File: 02.1-Main-FB-Script---India_files/figure-latex/slow roll out of main grap
h nf-3.pdf Graphic file (type pdf)
<use 02.1-Main-FB-Script---India_files/figure-latex/slow roll out of main graph
 nf-3.pdf>
Package pdftex.def Info: 02.1-Main-FB-Script---India_files/figure-latex/slow ro
ll out of main graph nf-3.pdf  used on input line 372.
(pdftex.def)             Requested size: 457.72984pt x 316.19493pt.

Underfull \hbox (badness 10000) in paragraph at lines 371--373
[][]
 []

[39 <./02.1-Main-FB-Script---India_files/figure-latex/slow roll out of main gra
ph nf-1.pdf>]
<02.1-Main-FB-Script---India_files/figure-latex/transparency scatter-1.pdf, id=
850, 381.425pt x 306.14375pt>
File: 02.1-Main-FB-Script---India_files/figure-latex/transparency scatter-1.pdf
 Graphic file (type pdf)
<use 02.1-Main-FB-Script---India_files/figure-latex/transparency scatter-1.pdf>

Package pdftex.def Info: 02.1-Main-FB-Script---India_files/figure-latex/transpa
rency scatter-1.pdf  used on input line 374.
(pdftex.def)             Requested size: 381.44151pt x 306.157pt.
<02.1-Main-FB-Script---India_files/figure-latex/transparency scatter-2.pdf, id=
851, 430.60875pt x 304.13625pt>
File: 02.1-Main-FB-Script---India_files/figure-latex/transparency scatter-2.pdf
 Graphic file (type pdf)
<use 02.1-Main-FB-Script---India_files/figure-latex/transparency scatter-2.pdf>

Package pdftex.def Info: 02.1-Main-FB-Script---India_files/figure-latex/transpa
rency scatter-2.pdf  used on input line 375.
(pdftex.def)             Requested size: 430.62082pt x 304.14478pt.
<02.1-Main-FB-Script---India_files/figure-latex/transparency scatter-3.pdf, id=
852, 427.5975pt x 305.14pt>
File: 02.1-Main-FB-Script---India_files/figure-latex/transparency scatter-3.pdf
 Graphic file (type pdf)
<use 02.1-Main-FB-Script---India_files/figure-latex/transparency scatter-3.pdf>

Package pdftex.def Info: 02.1-Main-FB-Script---India_files/figure-latex/transpa
rency scatter-3.pdf  used on input line 376.
(pdftex.def)             Requested size: 427.59645pt x 305.13924pt.

Overfull \hbox (344.52953pt too wide) in paragraph at lines 374--377
[][] []
 []

[40 <./02.1-Main-FB-Script---India_files/figure-latex/slow roll out of main gra
ph nf-2.pdf> <./02.1-Main-FB-Script---India_files/figure-latex/slow roll out of
 main graph nf-3.pdf>]
<02.1-Main-FB-Script---India_files/figure-latex/Distribution of norm pref by gr
oup-1.pdf, id=871, 433.62pt x 315.1775pt>
File: 02.1-Main-FB-Script---India_files/figure-latex/Distribution of norm pref 
by group-1.pdf Graphic file (type pdf)
<use 02.1-Main-FB-Script---India_files/figure-latex/Distribution of norm pref b
y group-1.pdf>
Package pdftex.def Info: 02.1-Main-FB-Script---India_files/figure-latex/Distrib
ution of norm pref by group-1.pdf  used on input line 378.
(pdftex.def)             Requested size: 433.63878pt x 315.19115pt.
[41 <./02.1-Main-FB-Script---India_files/figure-latex/transparency scatter-1.pd
f> <./02.1-Main-FB-Script---India_files/figure-latex/transparency scatter-2.pdf
> <./02.1-Main-FB-Script---India_files/figure-latex/transparency scatter-3.pdf>
]
<02.1-Main-FB-Script---India_files/figure-latex/Distribution of norm pref by gr
oup-2.pdf, id=905, 453.695pt x 316.18124pt>
File: 02.1-Main-FB-Script---India_files/figure-latex/Distribution of norm pref 
by group-2.pdf Graphic file (type pdf)
<use 02.1-Main-FB-Script---India_files/figure-latex/Distribution of norm pref b
y group-2.pdf>
Package pdftex.def Info: 02.1-Main-FB-Script---India_files/figure-latex/Distrib
ution of norm pref by group-2.pdf  used on input line 384.
(pdftex.def)             Requested size: 453.6939pt x 316.18047pt.
<02.1-Main-FB-Script---India_files/figure-latex/Distribution of norm pref by gr
oup-3.pdf, id=906, 451.6875pt x 316.18124pt>
File: 02.1-Main-FB-Script---India_files/figure-latex/Distribution of norm pref 
by group-3.pdf Graphic file (type pdf)
<use 02.1-Main-FB-Script---India_files/figure-latex/Distribution of norm pref b
y group-3.pdf>
Package pdftex.def Info: 02.1-Main-FB-Script---India_files/figure-latex/Distrib
ution of norm pref by group-3.pdf  used on input line 385.
(pdftex.def)             Requested size: 451.71394pt x 316.19975pt.

Underfull \hbox (badness 10000) in paragraph at lines 384--386
[][]
 []

[42 <./02.1-Main-FB-Script---India_files/figure-latex/Distribution of norm pref
 by group-1.pdf>] [43 <./02.1-Main-FB-Script---India_files/figure-latex/Distrib
ution of norm pref by group-2.pdf> <./02.1-Main-FB-Script---India_files/figure-
latex/Distribution of norm pref by group-3.pdf>]
<02.1-Main-FB-Script---India_files/figure-latex/pymk evolution-1.pdf, id=937, 4
51.6875pt x 316.18124pt>
File: 02.1-Main-FB-Script---India_files/figure-latex/pymk evolution-1.pdf Graph
ic file (type pdf)
<use 02.1-Main-FB-Script---India_files/figure-latex/pymk evolution-1.pdf>
Package pdftex.def Info: 02.1-Main-FB-Script---India_files/figure-latex/pymk ev
olution-1.pdf  used on input line 509.
(pdftex.def)             Requested size: 451.71394pt x 316.19975pt.
[44] [45]
<02.1-Main-FB-Script---India_files/figure-latex/norm fam by group-1.pdf, id=949
, 433.62pt x 315.1775pt>
File: 02.1-Main-FB-Script---India_files/figure-latex/norm fam by group-1.pdf Gr
aphic file (type pdf)
<use 02.1-Main-FB-Script---India_files/figure-latex/norm fam by group-1.pdf>
Package pdftex.def Info: 02.1-Main-FB-Script---India_files/figure-latex/norm fa
m by group-1.pdf  used on input line 511.
(pdftex.def)             Requested size: 433.63878pt x 315.19115pt.
<02.1-Main-FB-Script---India_files/figure-latex/norm fam by group-2.pdf, id=950
, 453.695pt x 316.18124pt>
File: 02.1-Main-FB-Script---India_files/figure-latex/norm fam by group-2.pdf Gr
aphic file (type pdf)
<use 02.1-Main-FB-Script---India_files/figure-latex/norm fam by group-2.pdf>
Package pdftex.def Info: 02.1-Main-FB-Script---India_files/figure-latex/norm fa
m by group-2.pdf  used on input line 512.
(pdftex.def)             Requested size: 453.6939pt x 316.18047pt.
<02.1-Main-FB-Script---India_files/figure-latex/norm fam by group-3.pdf, id=951
, 451.6875pt x 316.18124pt>
File: 02.1-Main-FB-Script---India_files/figure-latex/norm fam by group-3.pdf Gr
aphic file (type pdf)
<use 02.1-Main-FB-Script---India_files/figure-latex/norm fam by group-3.pdf>
Package pdftex.def Info: 02.1-Main-FB-Script---India_files/figure-latex/norm fa
m by group-3.pdf  used on input line 513.
(pdftex.def)             Requested size: 451.71394pt x 316.19975pt.

Underfull \hbox (badness 10000) in paragraph at lines 511--514
[][]
 []


Underfull \hbox (badness 10000) in paragraph at lines 511--514
[]
 []

[46 <./02.1-Main-FB-Script---India_files/figure-latex/pymk evolution-1.pdf> <./
02.1-Main-FB-Script---India_files/figure-latex/norm fam by group-1.pdf>]
<02.1-Main-FB-Script---India_files/figure-latex/PYMK ranking against raw likert
 panel-1.pdf, id=971, 445.665pt x 316.18124pt>
File: 02.1-Main-FB-Script---India_files/figure-latex/PYMK ranking against raw l
ikert panel-1.pdf Graphic file (type pdf)
<use 02.1-Main-FB-Script---India_files/figure-latex/PYMK ranking against raw li
kert panel-1.pdf>
Package pdftex.def Info: 02.1-Main-FB-Script---India_files/figure-latex/PYMK ra
nking against raw likert panel-1.pdf  used on input line 515.
(pdftex.def)             Requested size: 445.6707pt x 316.18529pt.
<02.1-Main-FB-Script---India_files/figure-latex/PYMK ranking against raw likert
 panel-2.pdf, id=972, 445.665pt x 316.18124pt>
File: 02.1-Main-FB-Script---India_files/figure-latex/PYMK ranking against raw l
ikert panel-2.pdf Graphic file (type pdf)
<use 02.1-Main-FB-Script---India_files/figure-latex/PYMK ranking against raw li
kert panel-2.pdf>
Package pdftex.def Info: 02.1-Main-FB-Script---India_files/figure-latex/PYMK ra
nking against raw likert panel-2.pdf  used on input line 516.
(pdftex.def)             Requested size: 445.6707pt x 316.18529pt.
<02.1-Main-FB-Script---India_files/figure-latex/PYMK ranking against raw likert
 panel-3.pdf, id=973, 445.665pt x 316.18124pt>
File: 02.1-Main-FB-Script---India_files/figure-latex/PYMK ranking against raw l
ikert panel-3.pdf Graphic file (type pdf)
<use 02.1-Main-FB-Script---India_files/figure-latex/PYMK ranking against raw li
kert panel-3.pdf>
Package pdftex.def Info: 02.1-Main-FB-Script---India_files/figure-latex/PYMK ra
nking against raw likert panel-3.pdf  used on input line 517.
(pdftex.def)             Requested size: 445.6707pt x 316.18529pt.
<02.1-Main-FB-Script---India_files/figure-latex/PYMK ranking against raw likert
 panel-4.pdf, id=974, 445.665pt x 316.18124pt>
File: 02.1-Main-FB-Script---India_files/figure-latex/PYMK ranking against raw l
ikert panel-4.pdf Graphic file (type pdf)
<use 02.1-Main-FB-Script---India_files/figure-latex/PYMK ranking against raw li
kert panel-4.pdf>
Package pdftex.def Info: 02.1-Main-FB-Script---India_files/figure-latex/PYMK ra
nking against raw likert panel-4.pdf  used on input line 518.
(pdftex.def)             Requested size: 445.6707pt x 316.18529pt.

Underfull \hbox (badness 10000) in paragraph at lines 515--519
[][]
 []


Underfull \hbox (badness 10000) in paragraph at lines 515--519
[]
 []


Underfull \hbox (badness 10000) in paragraph at lines 515--519
[]
 []

[47 <./02.1-Main-FB-Script---India_files/figure-latex/norm fam by group-2.pdf> 
<./02.1-Main-FB-Script---India_files/figure-latex/norm fam by group-3.pdf>] [48
 <./02.1-Main-FB-Script---India_files/figure-latex/PYMK ranking against raw lik
ert panel-1.pdf> <./02.1-Main-FB-Script---India_files/figure-latex/PYMK ranking
 against raw likert panel-2.pdf>] [49 <./02.1-Main-FB-Script---India_files/figu
re-latex/PYMK ranking against raw likert panel-3.pdf> <./02.1-Main-FB-Script---
India_files/figure-latex/PYMK ranking against raw likert panel-4.pdf>]
<02.1-Main-FB-Script---India_files/figure-latex/Unconditional mean diff pymk-1.
pdf, id=1030, 357.335pt x 316.18124pt>
File: 02.1-Main-FB-Script---India_files/figure-latex/Unconditional mean diff py
mk-1.pdf Graphic file (type pdf)
<use 02.1-Main-FB-Script---India_files/figure-latex/Unconditional mean diff pym
k-1.pdf>
Package pdftex.def Info: 02.1-Main-FB-Script---India_files/figure-latex/Uncondi
tional mean diff pymk-1.pdf  used on input line 525.
(pdftex.def)             Requested size: 357.35048pt x 316.19493pt.
<02.1-Main-FB-Script---India_files/figure-latex/unnamed-chunk-3-1.pdf, id=1031,
 457.71pt x 316.18124pt>
File: 02.1-Main-FB-Script---India_files/figure-latex/unnamed-chunk-3-1.pdf Grap
hic file (type pdf)
<use 02.1-Main-FB-Script---India_files/figure-latex/unnamed-chunk-3-1.pdf>
Package pdftex.def Info: 02.1-Main-FB-Script---India_files/figure-latex/unnamed
-chunk-3-1.pdf  used on input line 527.
(pdftex.def)             Requested size: 457.72984pt x 316.19493pt.
[50 <./02.1-Main-FB-Script---India_files/figure-latex/Unconditional mean diff p
ymk-1.pdf>]
<02.1-Main-FB-Script---India_files/figure-latex/pymk rankings by mutual friends
 and ingroup-1.pdf, id=1043, 457.71pt x 316.18124pt>
File: 02.1-Main-FB-Script---India_files/figure-latex/pymk rankings by mutual fr
iends and ingroup-1.pdf Graphic file (type pdf)
<use 02.1-Main-FB-Script---India_files/figure-latex/pymk rankings by mutual fri
ends and ingroup-1.pdf>
Package pdftex.def Info: 02.1-Main-FB-Script---India_files/figure-latex/pymk ra
nkings by mutual friends and ingroup-1.pdf  used on input line 529.
(pdftex.def)             Requested size: 457.72984pt x 316.19493pt.
<02.1-Main-FB-Script---India_files/figure-latex/pymk rankings by mutual friends
 and ingroup-2.pdf, id=1044, 457.71pt x 316.18124pt>
File: 02.1-Main-FB-Script---India_files/figure-latex/pymk rankings by mutual fr
iends and ingroup-2.pdf Graphic file (type pdf)
<use 02.1-Main-FB-Script---India_files/figure-latex/pymk rankings by mutual fri
ends and ingroup-2.pdf>
Package pdftex.def Info: 02.1-Main-FB-Script---India_files/figure-latex/pymk ra
nkings by mutual friends and ingroup-2.pdf  used on input line 530.
(pdftex.def)             Requested size: 457.72984pt x 316.19493pt.

Underfull \hbox (badness 10000) in paragraph at lines 529--531
[][]
 []

[51 <./02.1-Main-FB-Script---India_files/figure-latex/unnamed-chunk-3-1.pdf> <.
/02.1-Main-FB-Script---India_files/figure-latex/pymk rankings by mutual friends
 and ingroup-1.pdf>]
<02.1-Main-FB-Script---India_files/figure-latex/pymk order vs mutual friends-1.
pdf, id=1063, 444.66125pt x 303.1325pt>
File: 02.1-Main-FB-Script---India_files/figure-latex/pymk order vs mutual frien
ds-1.pdf Graphic file (type pdf)
<use 02.1-Main-FB-Script---India_files/figure-latex/pymk order vs mutual friend
s-1.pdf>
Package pdftex.def Info: 02.1-Main-FB-Script---India_files/figure-latex/pymk or
der vs mutual friends-1.pdf  used on input line 536.
(pdftex.def)             Requested size: 444.66016pt x 303.13176pt.
<02.1-Main-FB-Script---India_files/figure-latex/excess mass pymk-1.pdf, id=1064
, 445.665pt x 309.155pt>
File: 02.1-Main-FB-Script---India_files/figure-latex/excess mass pymk-1.pdf Gra
phic file (type pdf)
<use 02.1-Main-FB-Script---India_files/figure-latex/excess mass pymk-1.pdf>
Package pdftex.def Info: 02.1-Main-FB-Script---India_files/figure-latex/excess 
mass pymk-1.pdf  used on input line 538.
(pdftex.def)             Requested size: 445.6707pt x 309.15895pt.
[52 <./02.1-Main-FB-Script---India_files/figure-latex/pymk rankings by mutual f
riends and ingroup-2.pdf> <./02.1-Main-FB-Script---India_files/figure-latex/pym
k order vs mutual friends-1.pdf>]
Package atveryend Info: Empty hook `BeforeClearDocument' on input line 682.
[53 <./02.1-Main-FB-Script---India_files/figure-latex/excess mass pymk-1.pdf>] 
[54] [55]
Package atveryend Info: Empty hook `AfterLastShipout' on input line 682.
(./02.1-Main-FB-Script---India.aux)
Package atveryend Info: Executing hook `AtVeryEndDocument' on input line 682.
Package atveryend Info: Executing hook `AtEndAfterFileList' on input line 682.
Package rerunfilecheck Info: File `02.1-Main-FB-Script---India.out' has not cha
nged.
(rerunfilecheck)             Checksum: 1B55FD1967C1981F7F07783B7324F8C5;705.

LaTeX Warning: There were multiply-defined labels.

Package atveryend Info: Empty hook `AtVeryVeryEnd' on input line 682.
 ) 
Here is how much of TeX's memory you used:
 12441 strings out of 492649
 208285 string characters out of 6129622
 295419 words of memory out of 5000000
 16059 multiletter control sequences out of 15000+600000
 53550 words of font info for 74 fonts, out of 8000000 for 9000
 1141 hyphenation exceptions out of 8191
 32i,9n,38p,315b,454s stack positions out of 5000i,500n,10000p,200000b,80000s
{/usr/local/texlive/2018/texmf-dist/fonts/enc/dvips/lm/lm-ts1.enc}{/usr/local
/texlive/2018/texmf-dist/fonts/enc/dvips/lm/lm-ec.enc}{/usr/local/texlive/2018/
texmf-dist/fonts/enc/dvips/lm/lm-rm.enc}{/usr/local/texlive/2018/texmf-dist/fon
ts/enc/dvips/lm/lm-mathit.enc}{/usr/local/texlive/2018/texmf-dist/fonts/enc/dvi
ps/lm/lm-mathsy.enc}</usr/local/texlive/2018/texmf-dist/fonts/type1/public/lm/l
mbx10.pfb></usr/local/texlive/2018/texmf-dist/fonts/type1/public/lm/lmbx12.pfb>
</usr/local/texlive/2018/texmf-dist/fonts/type1/public/lm/lmmi10.pfb></usr/loca
l/texlive/2018/texmf-dist/fonts/type1/public/lm/lmr10.pfb></usr/local/texlive/2
018/texmf-dist/fonts/type1/public/lm/lmr12.pfb></usr/local/texlive/2018/texmf-d
ist/fonts/type1/public/lm/lmr17.pfb></usr/local/texlive/2018/texmf-dist/fonts/t
ype1/public/lm/lmr7.pfb></usr/local/texlive/2018/texmf-dist/fonts/type1/public/
lm/lmri10.pfb></usr/local/texlive/2018/texmf-dist/fonts/type1/public/lm/lmsy10.
pfb></usr/local/texlive/2018/texmf-dist/fonts/type1/public/lm/lmsy7.pfb></usr/l
ocal/texlive/2018/texmf-dist/fonts/type1/public/lm/lmtt10.pfb>
Output written on 02.1-Main-FB-Script---India.pdf (55 pages, 2311390 bytes).
PDF statistics:
 1178 PDF objects out of 1200 (max. 8388607)
 783 compressed objects within 8 object streams
 73 named destinations out of 1000 (max. 500000)
 12774 words of extra memory for PDF output out of 14400 (max. 10000000)

